2025-05-28T19:04:29.459Z [ERROR]: Error: Unknown column 'Admin.userId' in 'where clause' - URL: /api/auth/me - Stack: Error
    at Query.run (/home/udorakpuenyi/tem/server/node_modules/sequelize/lib/dialects/mysql/query.js:52:25)
    at /home/udorakpuenyi/tem/server/node_modules/sequelize/lib/sequelize.js:315:28
    at process.processTicksAndRejections (node:internal/process/task_queues:105:5)
    at async MySQLQueryInterface.select (/home/udorakpuenyi/tem/server/node_modules/sequelize/lib/dialects/abstract/query-interface.js:407:12)
    at async Admin.findAll (/home/udorakpuenyi/tem/server/node_modules/sequelize/lib/model.js:1140:21)
    at async Admin.findOne (/home/udorakpuenyi/tem/server/node_modules/sequelize/lib/model.js:1240:12)
    at async file:///home/udorakpuenyi/tem/server/src/router.ts:96:27
2025-05-28T19:05:24.063Z [ERROR]: Error: Unknown column 'Admin.userId' in 'where clause' - URL: /api/auth/me - Stack: Error
    at Query.run (/home/udorakpuenyi/tem/server/node_modules/sequelize/lib/dialects/mysql/query.js:52:25)
    at /home/udorakpuenyi/tem/server/node_modules/sequelize/lib/sequelize.js:315:28
    at process.processTicksAndRejections (node:internal/process/task_queues:105:5)
    at async MySQLQueryInterface.select (/home/udorakpuenyi/tem/server/node_modules/sequelize/lib/dialects/abstract/query-interface.js:407:12)
    at async Admin.findAll (/home/udorakpuenyi/tem/server/node_modules/sequelize/lib/model.js:1140:21)
    at async Admin.findOne (/home/udorakpuenyi/tem/server/node_modules/sequelize/lib/model.js:1240:12)
    at async file:///home/udorakpuenyi/tem/server/src/router.ts:96:27
2025-05-28T19:06:36.266Z [ERROR]: Error: Unknown column 'Admin.userId' in 'where clause' - URL: /api/auth/me - Stack: Error
    at Query.run (/home/udorakpuenyi/tem/server/node_modules/sequelize/lib/dialects/mysql/query.js:52:25)
    at /home/udorakpuenyi/tem/server/node_modules/sequelize/lib/sequelize.js:315:28
    at process.processTicksAndRejections (node:internal/process/task_queues:105:5)
    at async MySQLQueryInterface.select (/home/udorakpuenyi/tem/server/node_modules/sequelize/lib/dialects/abstract/query-interface.js:407:12)
    at async Admin.findAll (/home/udorakpuenyi/tem/server/node_modules/sequelize/lib/model.js:1140:21)
    at async Admin.findOne (/home/udorakpuenyi/tem/server/node_modules/sequelize/lib/model.js:1240:12)
    at async file:///home/udorakpuenyi/tem/server/src/router.ts:96:27
2025-05-28T19:08:03.634Z [ERROR]: Error in createInvestor UserService function: SequelizeConnectionError: Unknown database 'investment'
2025-05-28T19:08:03.636Z [ERROR]: Error: Unknown database 'investment' - URL: /api/auth/admin/signup - Stack: SequelizeConnectionError: Unknown database 'investment'
    at ConnectionManager.connect (/home/udorakpuenyi/tem/server/node_modules/sequelize/lib/dialects/mysql/connection-manager.js:102:17)
    at process.processTicksAndRejections (node:internal/process/task_queues:105:5)
    at async ConnectionManager._connect (/home/udorakpuenyi/tem/server/node_modules/sequelize/lib/dialects/abstract/connection-manager.js:222:24)
2025-05-28T19:21:27.848Z [ERROR]: Error: Unknown column 'Admin.userId' in 'where clause' - URL: /api/auth/me - Stack: Error
    at Query.run (/home/udorakpuenyi/tem/server/node_modules/sequelize/lib/dialects/mysql/query.js:52:25)
    at /home/udorakpuenyi/tem/server/node_modules/sequelize/lib/sequelize.js:315:28
    at process.processTicksAndRejections (node:internal/process/task_queues:105:5)
    at async MySQLQueryInterface.select (/home/udorakpuenyi/tem/server/node_modules/sequelize/lib/dialects/abstract/query-interface.js:407:12)
    at async Admin.findAll (/home/udorakpuenyi/tem/server/node_modules/sequelize/lib/model.js:1140:21)
    at async Admin.findOne (/home/udorakpuenyi/tem/server/node_modules/sequelize/lib/model.js:1240:12)
    at async file:///home/udorakpuenyi/tem/server/src/router.ts:96:27
2025-05-28T20:02:01.508Z [ERROR]: Error: Unknown column 'Admin.userId' in 'where clause' - URL: /api/auth/me - Stack: Error
    at Query.run (/home/udorakpuenyi/tem/server/node_modules/sequelize/lib/dialects/mysql/query.js:52:25)
    at /home/udorakpuenyi/tem/server/node_modules/sequelize/lib/sequelize.js:315:28
    at process.processTicksAndRejections (node:internal/process/task_queues:105:5)
    at async MySQLQueryInterface.select (/home/udorakpuenyi/tem/server/node_modules/sequelize/lib/dialects/abstract/query-interface.js:407:12)
    at async Admin.findAll (/home/udorakpuenyi/tem/server/node_modules/sequelize/lib/model.js:1140:21)
    at async Admin.findOne (/home/udorakpuenyi/tem/server/node_modules/sequelize/lib/model.js:1240:12)
    at async file:///home/udorakpuenyi/tem/server/src/router.ts:96:27
2025-05-28T20:09:17.032Z [ERROR]: Error: Unknown column 'Admin.userId' in 'where clause' - URL: /api/auth/me - Stack: Error
    at Query.run (/home/udorakpuenyi/tem/server/node_modules/sequelize/lib/dialects/mysql/query.js:52:25)
    at /home/udorakpuenyi/tem/server/node_modules/sequelize/lib/sequelize.js:315:28
    at process.processTicksAndRejections (node:internal/process/task_queues:105:5)
    at async MySQLQueryInterface.select (/home/udorakpuenyi/tem/server/node_modules/sequelize/lib/dialects/abstract/query-interface.js:407:12)
    at async Admin.findAll (/home/udorakpuenyi/tem/server/node_modules/sequelize/lib/model.js:1140:21)
    at async Admin.findOne (/home/udorakpuenyi/tem/server/node_modules/sequelize/lib/model.js:1240:12)
    at async file:///home/udorakpuenyi/tem/server/src/router.ts:96:27
2025-05-28T20:57:30.117Z [ERROR]: Error: Unknown column 'Admin.userId' in 'where clause' - URL: /api/auth/me - Stack: Error
    at Query.run (/home/udorakpuenyi/tem/server/node_modules/sequelize/lib/dialects/mysql/query.js:52:25)
    at /home/udorakpuenyi/tem/server/node_modules/sequelize/lib/sequelize.js:315:28
    at process.processTicksAndRejections (node:internal/process/task_queues:105:5)
    at async MySQLQueryInterface.select (/home/udorakpuenyi/tem/server/node_modules/sequelize/lib/dialects/abstract/query-interface.js:407:12)
    at async Admin.findAll (/home/udorakpuenyi/tem/server/node_modules/sequelize/lib/model.js:1140:21)
    at async Admin.findOne (/home/udorakpuenyi/tem/server/node_modules/sequelize/lib/model.js:1240:12)
    at async file:///home/udorakpuenyi/tem/server/src/router.ts:96:27
2025-05-28T20:57:37.720Z [ERROR]: Error: Unknown column 'Admin.userId' in 'where clause' - URL: /api/auth/me - Stack: Error
    at Query.run (/home/udorakpuenyi/tem/server/node_modules/sequelize/lib/dialects/mysql/query.js:52:25)
    at /home/udorakpuenyi/tem/server/node_modules/sequelize/lib/sequelize.js:315:28
    at process.processTicksAndRejections (node:internal/process/task_queues:105:5)
    at async MySQLQueryInterface.select (/home/udorakpuenyi/tem/server/node_modules/sequelize/lib/dialects/abstract/query-interface.js:407:12)
    at async Admin.findAll (/home/udorakpuenyi/tem/server/node_modules/sequelize/lib/model.js:1140:21)
    at async Admin.findOne (/home/udorakpuenyi/tem/server/node_modules/sequelize/lib/model.js:1240:12)
    at async file:///home/udorakpuenyi/tem/server/src/router.ts:96:27
2025-05-28T21:00:43.328Z [ERROR]: Error: Unknown column 'Admin.userId' in 'where clause' - URL: /api/auth/me - Stack: Error
    at Query.run (/home/udorakpuenyi/tem/server/node_modules/sequelize/lib/dialects/mysql/query.js:52:25)
    at /home/udorakpuenyi/tem/server/node_modules/sequelize/lib/sequelize.js:315:28
    at process.processTicksAndRejections (node:internal/process/task_queues:105:5)
    at async MySQLQueryInterface.select (/home/udorakpuenyi/tem/server/node_modules/sequelize/lib/dialects/abstract/query-interface.js:407:12)
    at async Admin.findAll (/home/udorakpuenyi/tem/server/node_modules/sequelize/lib/model.js:1140:21)
    at async Admin.findOne (/home/udorakpuenyi/tem/server/node_modules/sequelize/lib/model.js:1240:12)
    at async file:///home/udorakpuenyi/tem/server/src/router.ts:96:27
2025-05-28T21:00:58.546Z [ERROR]: Error: Unknown column 'Admin.userId' in 'where clause' - URL: /api/auth/me - Stack: Error
    at Query.run (/home/udorakpuenyi/tem/server/node_modules/sequelize/lib/dialects/mysql/query.js:52:25)
    at /home/udorakpuenyi/tem/server/node_modules/sequelize/lib/sequelize.js:315:28
    at process.processTicksAndRejections (node:internal/process/task_queues:105:5)
    at async MySQLQueryInterface.select (/home/udorakpuenyi/tem/server/node_modules/sequelize/lib/dialects/abstract/query-interface.js:407:12)
    at async Admin.findAll (/home/udorakpuenyi/tem/server/node_modules/sequelize/lib/model.js:1140:21)
    at async Admin.findOne (/home/udorakpuenyi/tem/server/node_modules/sequelize/lib/model.js:1240:12)
    at async file:///home/udorakpuenyi/tem/server/src/router.ts:96:27
2025-05-28T21:08:58.197Z [WARN]: CustomError - 404: Admin not found - URL: /api/auth/me
2025-05-28T21:09:13.212Z [WARN]: CustomError - 404: Admin not found - URL: /api/auth/me
2025-05-28T21:09:29.944Z [WARN]: CustomError - 404: Admin not found - URL: /api/auth/me
2025-05-28T21:38:23.937Z [WARN]: CustomError - 404: Admin not found - URL: /api/auth/me
2025-05-28T21:38:33.584Z [ERROR]: Error in login  UserService function: Error: login user not found
2025-05-28T21:38:33.585Z [WARN]: CustomError - 404: login user not found - URL: /api/auth/login
2025-05-28T21:39:33.614Z [WARN]: CustomError - 404: Admin not found - URL: /api/auth/me
2025-05-28T22:00:39.866Z [ERROR]: Error in createInvestor UserService function: Error: user already exists with this email
2025-05-28T22:00:39.867Z [WARN]: CustomError - 409: user already exists with this email - URL: /api/auth/admin/signup
2025-05-28T23:33:51.952Z [ERROR]: Error in createInvestor UserService function: SequelizeUniqueConstraintError: Validation error
2025-05-28T23:33:51.954Z [ERROR]: Error: Validation error - URL: /api/auth/signup - Stack: Error
    at Query.run (/home/udorakpuenyi/tem/server/node_modules/sequelize/lib/dialects/mysql/query.js:52:25)
    at /home/udorakpuenyi/tem/server/node_modules/sequelize/lib/sequelize.js:315:28
    at process.processTicksAndRejections (node:internal/process/task_queues:105:5)
    at async MySQLQueryInterface.insert (/home/udorakpuenyi/tem/server/node_modules/sequelize/lib/dialects/abstract/query-interface.js:308:21)
    at async User.save (/home/udorakpuenyi/tem/server/node_modules/sequelize/lib/model.js:2490:35)
    at async User.create (/home/udorakpuenyi/tem/server/node_modules/sequelize/lib/model.js:1362:12)
    at async UserService.createInvestor (file:///home/udorakpuenyi/tem/server/src/services/UserService.ts:19:26)
    at async investorSignup (file:///home/udorakpuenyi/tem/server/src/controllers/AuthController.ts:9:27)
2025-05-28T23:37:14.410Z [ERROR]: Error in createInvestor UserService function: SequelizeUniqueConstraintError: Validation error
2025-05-28T23:37:14.411Z [ERROR]: Error: Validation error - URL: /api/auth/signup - Stack: Error
    at Query.run (/home/udorakpuenyi/tem/server/node_modules/sequelize/lib/dialects/mysql/query.js:52:25)
    at /home/udorakpuenyi/tem/server/node_modules/sequelize/lib/sequelize.js:315:28
    at process.processTicksAndRejections (node:internal/process/task_queues:105:5)
    at async MySQLQueryInterface.insert (/home/udorakpuenyi/tem/server/node_modules/sequelize/lib/dialects/abstract/query-interface.js:308:21)
    at async User.save (/home/udorakpuenyi/tem/server/node_modules/sequelize/lib/model.js:2490:35)
    at async User.create (/home/udorakpuenyi/tem/server/node_modules/sequelize/lib/model.js:1362:12)
    at async UserService.createInvestor (file:///home/udorakpuenyi/tem/server/src/services/UserService.ts:19:26)
    at async investorSignup (file:///home/udorakpuenyi/tem/server/src/controllers/AuthController.ts:9:27)
2025-05-28T23:40:23.382Z [ERROR]: Failed to create investor: Error: Missing required fields
2025-05-28T23:40:23.384Z [ERROR]: Error in createInvestor UserService function: Error: Missing required fields
2025-05-28T23:40:23.385Z [WARN]: CustomError - 400: Missing required fields - URL: /api/auth/signup
2025-05-28T23:44:58.337Z [ERROR]: Error in createInvestor UserService function: SequelizeUniqueConstraintError: Validation error
2025-05-28T23:44:58.338Z [ERROR]: Error: Validation error - URL: /api/auth/signup - Stack: Error
    at Query.run (/home/udorakpuenyi/tem/server/node_modules/sequelize/lib/dialects/mysql/query.js:52:25)
    at /home/udorakpuenyi/tem/server/node_modules/sequelize/lib/sequelize.js:315:28
    at process.processTicksAndRejections (node:internal/process/task_queues:105:5)
    at async MySQLQueryInterface.insert (/home/udorakpuenyi/tem/server/node_modules/sequelize/lib/dialects/abstract/query-interface.js:308:21)
    at async User.save (/home/udorakpuenyi/tem/server/node_modules/sequelize/lib/model.js:2490:35)
    at async User.create (/home/udorakpuenyi/tem/server/node_modules/sequelize/lib/model.js:1362:12)
    at async UserService.createInvestor (file:///home/udorakpuenyi/tem/server/src/services/UserService.ts:19:26)
    at async investorSignup (file:///home/udorakpuenyi/tem/server/src/controllers/AuthController.ts:9:27)
2025-05-29T01:21:38.888Z [ERROR]: Error: User is not associated to Investor! - URL: /api/managed-portfolios/investor/1 - Stack: SequelizeEagerLoadingError: User is not associated to Investor!
    at Investor._getIncludedAssociation (/home/udorakpuenyi/tem/server/node_modules/sequelize/lib/model.js:565:13)
    at Investor._validateIncludedElement (/home/udorakpuenyi/tem/server/node_modules/sequelize/lib/model.js:502:53)
    at /home/udorakpuenyi/tem/server/node_modules/sequelize/lib/model.js:421:37
    at Array.map (<anonymous>)
    at Investor._validateIncludedElements (/home/udorakpuenyi/tem/server/node_modules/sequelize/lib/model.js:417:39)
    at Investor.findAll (/home/udorakpuenyi/tem/server/node_modules/sequelize/lib/model.js:1124:12)
    at process.processTicksAndRejections (node:internal/process/task_queues:105:5)
    at async Investor.findOne (/home/udorakpuenyi/tem/server/node_modules/sequelize/lib/model.js:1240:12)
    at async Investor.findByPk (/home/udorakpuenyi/tem/server/node_modules/sequelize/lib/model.js:1221:12)
    at async ManagedPortfolioService.getInvestorById (file:///home/udorakpuenyi/tem/server/src/services/ManagedPortfolioService.ts:41:26)
2025-05-30T00:15:19.030Z [ERROR]: Error: VerificationFee is not associated to ManagedPortfolio! - URL: /api/managed-portfolios/investor/1 - Stack: SequelizeEagerLoadingError: VerificationFee is not associated to ManagedPortfolio!
    at ManagedPortfolio._getIncludedAssociation (/home/udorakpuenyi/tem/server/node_modules/sequelize/lib/model.js:565:13)
    at ManagedPortfolio._validateIncludedElement (/home/udorakpuenyi/tem/server/node_modules/sequelize/lib/model.js:502:53)
    at /home/udorakpuenyi/tem/server/node_modules/sequelize/lib/model.js:421:37
    at Array.map (<anonymous>)
    at ManagedPortfolio._validateIncludedElements (/home/udorakpuenyi/tem/server/node_modules/sequelize/lib/model.js:417:39)
    at ManagedPortfolio.findAll (/home/udorakpuenyi/tem/server/node_modules/sequelize/lib/model.js:1124:12)
    at process.processTicksAndRejections (node:internal/process/task_queues:105:5)
    at async ManagedPortfolio.findOne (/home/udorakpuenyi/tem/server/node_modules/sequelize/lib/model.js:1240:12)
    at async ManagedPortfolioService.getInvestmentByInvestorId (file:///home/udorakpuenyi/tem/server/src/services/ManagedPortfolioService.ts:39:27)
    at async getInvestment (file:///home/udorakpuenyi/tem/server/src/controllers/ManagedPortfolioController.ts:61:31)
2025-05-30T01:13:19.703Z [ERROR]: Failed to fetch investor by id NaN: SequelizeDatabaseError: Unknown column 'NaN' in 'where clause'
2025-05-30T01:13:19.773Z [ERROR]: Error: Unknown column 'NaN' in 'where clause' - URL: /api/investors/me - Stack: Error
    at Query.run (/home/udorakpuenyi/tem/server/node_modules/sequelize/lib/dialects/mysql/query.js:52:25)
    at /home/udorakpuenyi/tem/server/node_modules/sequelize/lib/sequelize.js:315:28
    at process.processTicksAndRejections (node:internal/process/task_queues:105:5)
    at async MySQLQueryInterface.select (/home/udorakpuenyi/tem/server/node_modules/sequelize/lib/dialects/abstract/query-interface.js:407:12)
    at async Investor.findAll (/home/udorakpuenyi/tem/server/node_modules/sequelize/lib/model.js:1140:21)
    at async Investor.findOne (/home/udorakpuenyi/tem/server/node_modules/sequelize/lib/model.js:1240:12)
    at async Investor.findByPk (/home/udorakpuenyi/tem/server/node_modules/sequelize/lib/model.js:1221:12)
    at async InvestorService.getInvestorById (file:///home/udorakpuenyi/tem/server/src/services/InvestorService.ts:44:30)
    at async getMyProfile (file:///home/udorakpuenyi/tem/server/src/controllers/InvestorController.ts:27:30)
2025-05-30T01:17:16.481Z [ERROR]: Failed to fetch investor by id NaN: SequelizeDatabaseError: Unknown column 'NaN' in 'where clause'
2025-05-30T01:17:16.482Z [ERROR]: Error: Unknown column 'NaN' in 'where clause' - URL: /api/investors/me - Stack: Error
    at Query.run (/home/udorakpuenyi/tem/server/node_modules/sequelize/lib/dialects/mysql/query.js:52:25)
    at /home/udorakpuenyi/tem/server/node_modules/sequelize/lib/sequelize.js:315:28
    at process.processTicksAndRejections (node:internal/process/task_queues:105:5)
    at async MySQLQueryInterface.select (/home/udorakpuenyi/tem/server/node_modules/sequelize/lib/dialects/abstract/query-interface.js:407:12)
    at async Investor.findAll (/home/udorakpuenyi/tem/server/node_modules/sequelize/lib/model.js:1140:21)
    at async Investor.findOne (/home/udorakpuenyi/tem/server/node_modules/sequelize/lib/model.js:1240:12)
    at async Investor.findByPk (/home/udorakpuenyi/tem/server/node_modules/sequelize/lib/model.js:1221:12)
    at async InvestorService.getInvestorById (file:///home/udorakpuenyi/tem/server/src/services/InvestorService.ts:44:30)
    at async getMyProfile (file:///home/udorakpuenyi/tem/server/src/controllers/InvestorController.ts:27:30)
2025-05-30T01:17:16.503Z [ERROR]: Failed to fetch investor by id NaN: SequelizeDatabaseError: Unknown column 'NaN' in 'where clause'
2025-05-30T01:17:16.505Z [ERROR]: Error: Unknown column 'NaN' in 'where clause' - URL: /api/investors/me - Stack: Error
    at Query.run (/home/udorakpuenyi/tem/server/node_modules/sequelize/lib/dialects/mysql/query.js:52:25)
    at /home/udorakpuenyi/tem/server/node_modules/sequelize/lib/sequelize.js:315:28
    at process.processTicksAndRejections (node:internal/process/task_queues:105:5)
    at async MySQLQueryInterface.select (/home/udorakpuenyi/tem/server/node_modules/sequelize/lib/dialects/abstract/query-interface.js:407:12)
    at async Investor.findAll (/home/udorakpuenyi/tem/server/node_modules/sequelize/lib/model.js:1140:21)
    at async Investor.findOne (/home/udorakpuenyi/tem/server/node_modules/sequelize/lib/model.js:1240:12)
    at async Investor.findByPk (/home/udorakpuenyi/tem/server/node_modules/sequelize/lib/model.js:1221:12)
    at async InvestorService.getInvestorById (file:///home/udorakpuenyi/tem/server/src/services/InvestorService.ts:44:30)
    at async getMyProfile (file:///home/udorakpuenyi/tem/server/src/controllers/InvestorController.ts:27:30)
2025-05-30T23:11:32.016Z [WARN]: CustomError - 404: Investor not found - URL: /api/auth/me
2025-05-30T23:25:37.855Z [WARN]: CustomError - 404: portfolio not found - URL: /api/managed-portfolios/investor/1
2025-05-30T23:25:37.930Z [WARN]: CustomError - 404: portfolio not found - URL: /api/managed-portfolios/investor/1
2025-05-30T23:26:46.724Z [WARN]: CustomError - 404: portfolio not found - URL: /api/managed-portfolios/investor/1
2025-05-30T23:26:46.754Z [WARN]: CustomError - 404: portfolio not found - URL: /api/managed-portfolios/investor/1
2025-05-30T23:42:14.777Z [WARN]: CustomError - 404: portfolio not found - URL: /api/managed-portfolios/investor/1
2025-05-30T23:42:25.797Z [WARN]: CustomError - 404: portfolio not found - URL: /api/managed-portfolios/investor/1
2025-05-30T23:42:25.825Z [WARN]: CustomError - 404: portfolio not found - URL: /api/managed-portfolios/investor/1
2025-05-30T23:47:58.082Z [ERROR]: Failed to update investor: SequelizeDatabaseError: Unknown column 'NaN' in 'where clause'
2025-05-30T23:47:58.084Z [ERROR]: Error: Unknown column 'NaN' in 'where clause' - URL: /api/investors/me/ - Stack: Error
    at Query.run (/home/udorakpuenyi/tem/server/node_modules/sequelize/lib/dialects/mysql/query.js:52:25)
    at /home/udorakpuenyi/tem/server/node_modules/sequelize/lib/sequelize.js:315:28
    at process.processTicksAndRejections (node:internal/process/task_queues:105:5)
    at async MySQLQueryInterface.select (/home/udorakpuenyi/tem/server/node_modules/sequelize/lib/dialects/abstract/query-interface.js:407:12)
    at async Investor.findAll (/home/udorakpuenyi/tem/server/node_modules/sequelize/lib/model.js:1140:21)
    at async Investor.findOne (/home/udorakpuenyi/tem/server/node_modules/sequelize/lib/model.js:1240:12)
    at async Investor.findByPk (/home/udorakpuenyi/tem/server/node_modules/sequelize/lib/model.js:1221:12)
    at async InvestorService.updateInvestor (file:///home/udorakpuenyi/tem/server/src/services/InvestorService.ts:85:30)
    at async updateInvestor (file:///home/udorakpuenyi/tem/server/src/controllers/InvestorController.ts:48:13)
2025-06-01T14:17:11.641Z [ERROR]: Error in createInvestor UserService function: Error: user already exists with this email
2025-06-01T14:17:11.643Z [WARN]: CustomError - 409: user already exists with this email - URL: /api/auth/admin/signup
2025-06-01T14:26:57.726Z [ERROR]: Error in login  UserService function: Error: login user not found
2025-06-01T14:26:57.727Z [WARN]: CustomError - 404: login user not found - URL: /api/auth/login
2025-06-01T14:32:07.220Z [ERROR]: Error: Unknown column 'payments.paymentDate' in 'field list' - URL: /api/managed-portfolios/investor/1 - Stack: Error
    at Query.run (/home/udorakpuenyi/tem/server/node_modules/sequelize/lib/dialects/mysql/query.js:52:25)
    at /home/udorakpuenyi/tem/server/node_modules/sequelize/lib/sequelize.js:315:28
    at process.processTicksAndRejections (node:internal/process/task_queues:105:5)
    at async MySQLQueryInterface.select (/home/udorakpuenyi/tem/server/node_modules/sequelize/lib/dialects/abstract/query-interface.js:407:12)
    at async ManagedPortfolio.findAll (/home/udorakpuenyi/tem/server/node_modules/sequelize/lib/model.js:1140:21)
    at async ManagedPortfolio.findOne (/home/udorakpuenyi/tem/server/node_modules/sequelize/lib/model.js:1240:12)
    at async ManagedPortfolioService.getInvestmentByInvestorId (file:///home/udorakpuenyi/tem/server/src/services/ManagedPortfolioService.ts:52:27)
    at async getInvestment (file:///home/udorakpuenyi/tem/server/src/controllers/ManagedPortfolioController.ts:86:31)
2025-06-01T14:32:07.275Z [ERROR]: Error: Unknown column 'payments.paymentDate' in 'field list' - URL: /api/managed-portfolios/investor/1 - Stack: Error
    at Query.run (/home/udorakpuenyi/tem/server/node_modules/sequelize/lib/dialects/mysql/query.js:52:25)
    at /home/udorakpuenyi/tem/server/node_modules/sequelize/lib/sequelize.js:315:28
    at process.processTicksAndRejections (node:internal/process/task_queues:105:5)
    at async MySQLQueryInterface.select (/home/udorakpuenyi/tem/server/node_modules/sequelize/lib/dialects/abstract/query-interface.js:407:12)
    at async ManagedPortfolio.findAll (/home/udorakpuenyi/tem/server/node_modules/sequelize/lib/model.js:1140:21)
    at async ManagedPortfolio.findOne (/home/udorakpuenyi/tem/server/node_modules/sequelize/lib/model.js:1240:12)
    at async ManagedPortfolioService.getInvestmentByInvestorId (file:///home/udorakpuenyi/tem/server/src/services/ManagedPortfolioService.ts:52:27)
    at async getInvestment (file:///home/udorakpuenyi/tem/server/src/controllers/ManagedPortfolioController.ts:86:31)
2025-06-01T14:34:49.478Z [WARN]: CustomError - 404: Investor not found - URL: /api/auth/me
2025-06-01T14:44:13.883Z [ERROR]: Error in createInvestor UserService function: Error: user already exists with this email
2025-06-01T14:44:13.886Z [WARN]: CustomError - 409: user already exists with this email - URL: /api/auth/admin/signup
2025-06-01T16:00:32.581Z [ERROR]: Failed to delete AdminWallet: Error: AdminWallet not found
2025-06-01T16:00:32.588Z [WARN]: CustomError - 404: AdminWallet not found - URL: /api/admin-wallets/2
2025-06-01T17:33:43.337Z [ERROR]: Error: User is not associated to Investor! - URL: /api/get-investor/1 - Stack: SequelizeEagerLoadingError: User is not associated to Investor!
    at Investor._getIncludedAssociation (/home/udorakpuenyi/tem/server/node_modules/sequelize/lib/model.js:565:13)
    at Investor._validateIncludedElement (/home/udorakpuenyi/tem/server/node_modules/sequelize/lib/model.js:502:53)
    at /home/udorakpuenyi/tem/server/node_modules/sequelize/lib/model.js:421:37
    at Array.map (<anonymous>)
    at Investor._validateIncludedElements (/home/udorakpuenyi/tem/server/node_modules/sequelize/lib/model.js:417:39)
    at Investor.findAll (/home/udorakpuenyi/tem/server/node_modules/sequelize/lib/model.js:1124:12)
    at process.processTicksAndRejections (node:internal/process/task_queues:105:5)
    at async Investor.findOne (/home/udorakpuenyi/tem/server/node_modules/sequelize/lib/model.js:1240:12)
    at async Investor.findByPk (/home/udorakpuenyi/tem/server/node_modules/sequelize/lib/model.js:1221:12)
    at async getInvestor (file:///home/udorakpuenyi/tem/server/src/controllers/InvestorController.ts:52:30)
2025-06-01T17:33:43.495Z [ERROR]: Error: User is not associated to Investor! - URL: /api/get-investor/1 - Stack: SequelizeEagerLoadingError: User is not associated to Investor!
    at Investor._getIncludedAssociation (/home/udorakpuenyi/tem/server/node_modules/sequelize/lib/model.js:565:13)
    at Investor._validateIncludedElement (/home/udorakpuenyi/tem/server/node_modules/sequelize/lib/model.js:502:53)
    at /home/udorakpuenyi/tem/server/node_modules/sequelize/lib/model.js:421:37
    at Array.map (<anonymous>)
    at Investor._validateIncludedElements (/home/udorakpuenyi/tem/server/node_modules/sequelize/lib/model.js:417:39)
    at Investor.findAll (/home/udorakpuenyi/tem/server/node_modules/sequelize/lib/model.js:1124:12)
    at process.processTicksAndRejections (node:internal/process/task_queues:105:5)
    at async Investor.findOne (/home/udorakpuenyi/tem/server/node_modules/sequelize/lib/model.js:1240:12)
    at async Investor.findByPk (/home/udorakpuenyi/tem/server/node_modules/sequelize/lib/model.js:1221:12)
    at async getInvestor (file:///home/udorakpuenyi/tem/server/src/controllers/InvestorController.ts:52:30)
2025-06-01T19:08:56.562Z [ERROR]: Error: Investor is not associated to User! - URL: /api/email/send-to-investor/1 - Stack: SequelizeEagerLoadingError: Investor is not associated to User!
    at User._getIncludedAssociation (/home/udorakpuenyi/tem/server/node_modules/sequelize/lib/model.js:565:13)
    at User._validateIncludedElement (/home/udorakpuenyi/tem/server/node_modules/sequelize/lib/model.js:502:53)
    at /home/udorakpuenyi/tem/server/node_modules/sequelize/lib/model.js:421:37
    at Array.map (<anonymous>)
    at User._validateIncludedElements (/home/udorakpuenyi/tem/server/node_modules/sequelize/lib/model.js:417:39)
    at User.findAll (/home/udorakpuenyi/tem/server/node_modules/sequelize/lib/model.js:1124:12)
    at process.processTicksAndRejections (node:internal/process/task_queues:105:5)
    at async User.findOne (/home/udorakpuenyi/tem/server/node_modules/sequelize/lib/model.js:1240:12)
    at async sendEmailToInvestor (file:///home/udorakpuenyi/tem/server/src/controllers/EmailController.ts:10:26)
2025-06-01T19:11:15.355Z [ERROR]: Error: Investor is associated to User using an alias. You must use the 'as' keyword to specify the alias within your include statement. - URL: /api/email/send-to-investor/1 - Stack: SequelizeEagerLoadingError: Investor is associated to User using an alias. You must use the 'as' keyword to specify the alias within your include statement.
    at User._getIncludedAssociation (/home/udorakpuenyi/tem/server/node_modules/sequelize/lib/model.js:576:13)
    at User._validateIncludedElement (/home/udorakpuenyi/tem/server/node_modules/sequelize/lib/model.js:502:53)
    at /home/udorakpuenyi/tem/server/node_modules/sequelize/lib/model.js:421:37
    at Array.map (<anonymous>)
    at User._validateIncludedElements (/home/udorakpuenyi/tem/server/node_modules/sequelize/lib/model.js:417:39)
    at User.findAll (/home/udorakpuenyi/tem/server/node_modules/sequelize/lib/model.js:1124:12)
    at process.processTicksAndRejections (node:internal/process/task_queues:105:5)
    at async User.findOne (/home/udorakpuenyi/tem/server/node_modules/sequelize/lib/model.js:1240:12)
    at async sendEmailToInvestor (file:///home/udorakpuenyi/tem/server/src/controllers/EmailController.ts:10:26)
2025-06-01T19:15:08.305Z [ERROR]: Error: Cannot read properties of undefined (reading 'replace') - URL: /api/email/send-to-investor/1 - Stack: TypeError: Cannot read properties of undefined (reading 'replace')
    at MailService.sendCustomEmail (file:///home/udorakpuenyi/tem/server/src/services/MailService.ts:155:23)
    at sendEmailToInvestor (file:///home/udorakpuenyi/tem/server/src/controllers/EmailController.ts:21:31)
    at process.processTicksAndRejections (node:internal/process/task_queues:105:5)
2025-06-01T19:18:10.237Z [ERROR]: Error: Cannot read properties of undefined (reading 'replace') - URL: /api/email/send-to-investor/1 - Stack: TypeError: Cannot read properties of undefined (reading 'replace')
    at MailService.sendCustomEmail (file:///home/udorakpuenyi/tem/server/src/services/MailService.ts:155:23)
    at sendEmailToInvestor (file:///home/udorakpuenyi/tem/server/src/controllers/EmailController.ts:21:31)
    at process.processTicksAndRejections (node:internal/process/task_queues:105:5)
2025-06-01T19:22:11.305Z [ERROR]: Error: Cannot read properties of undefined (reading 'replace') - URL: /api/email/send-to-investor/1 - Stack: TypeError: Cannot read properties of undefined (reading 'replace')
    at MailService.sendCustomEmail (file:///home/udorakpuenyi/tem/server/src/services/MailService.ts:155:23)
    at sendEmailToInvestor (file:///home/udorakpuenyi/tem/server/src/controllers/EmailController.ts:22:31)
    at process.processTicksAndRejections (node:internal/process/task_queues:105:5)
