2025-05-18T19:46:21.220Z [INFO]: Request URL: POST /api/auth/signup
2025-05-18T19:46:23.284Z [ERROR]: Failed to fetch investor by referralCode 12345: Error: Investor not found
2025-05-18T19:46:23.286Z [ERROR]: Error in createInvestor UserService function: Error: Investor not found
2025-05-18T19:46:23.287Z [WARN]: CustomError - 404: Investor not found - URL: /api/auth/signup
2025-05-18T19:48:05.689Z [INFO]: Request URL: POST /api/auth/signup
2025-05-18T19:48:06.159Z [ERROR]: Error in createInvestor UserService function: SequelizeUniqueConstraintError: Validation error
2025-05-18T19:48:06.161Z [ERROR]: Error: Validation error - URL: /api/auth/signup - Stack: Error
    at Query.run (/home/udorakpuenyi/tempinvest/server/node_modules/sequelize/src/dialects/mysql/query.js:46:25)
    at /home/udorakpuenyi/tempinvest/server/node_modules/sequelize/src/sequelize.js:650:28
    at processTicksAndRejections (node:internal/process/task_queues:105:5)
    at async MySQLQueryInterface.insert (/home/udorakpuenyi/tempinvest/server/node_modules/sequelize/src/dialects/abstract/query-interface.js:795:21)
    at async User.save (/home/udorakpuenyi/tempinvest/server/node_modules/sequelize/src/model.js:4154:35)
    at async Function.create (/home/udorakpuenyi/tempinvest/server/node_modules/sequelize/src/model.js:2305:12)
    at async Function.createInvestor (/home/udorakpuenyi/tempinvest/server/src/services/UserService.ts:22:20)
    at async investorSignup (/home/udorakpuenyi/tempinvest/server/src/controllers/AuthController.ts:8:23)
2025-05-18T19:50:53.139Z [INFO]: Request URL: POST /api/auth/signup
2025-05-18T19:50:53.483Z [WARN]: No referrer found for code: 12345
2025-05-18T19:50:53.648Z [INFO]: Created investor with userId 1
2025-05-18T19:54:26.217Z [INFO]: Request URL: POST /api/auth/signup
2025-05-18T19:54:26.388Z [WARN]: No referrer found for code: 12345
2025-05-18T19:54:26.542Z [INFO]: Created investor with userId 1
2025-05-18T19:55:38.505Z [INFO]: Request URL: POST /api/auth/signup
2025-05-18T19:55:39.188Z [ERROR]: Failed to fetch investor by referralCode 12345: SequelizeDatabaseError: Table 'investment.investors' doesn't exist
2025-05-18T19:55:39.191Z [ERROR]: Error in createInvestor UserService function: SequelizeDatabaseError: Table 'investment.investors' doesn't exist
2025-05-18T19:55:39.192Z [ERROR]: Error: Table 'investment.investors' doesn't exist - URL: /api/auth/signup - Stack: Error
    at Query.run (/home/udorakpuenyi/tempinvest/server/node_modules/sequelize/src/dialects/mysql/query.js:46:25)
    at /home/udorakpuenyi/tempinvest/server/node_modules/sequelize/src/sequelize.js:650:28
    at processTicksAndRejections (node:internal/process/task_queues:105:5)
    at async MySQLQueryInterface.select (/home/udorakpuenyi/tempinvest/server/node_modules/sequelize/src/dialects/abstract/query-interface.js:1001:12)
    at async Function.findAll (/home/udorakpuenyi/tempinvest/server/node_modules/sequelize/src/model.js:1824:21)
    at async Function.findOne (/home/udorakpuenyi/tempinvest/server/node_modules/sequelize/src/model.js:1998:12)
    at async Function.getInvestorByRefferalCode (/home/udorakpuenyi/tempinvest/server/src/services/InvestorService.ts:72:24)
    at async Function.createInvestor (/home/udorakpuenyi/tempinvest/server/src/services/UserService.ts:32:26)
    at async investorSignup (/home/udorakpuenyi/tempinvest/server/src/controllers/AuthController.ts:8:23)
2025-05-18T19:56:00.227Z [INFO]: Request URL: POST /api/auth/signup
2025-05-18T19:56:00.622Z [ERROR]: Error in createInvestor UserService function: SequelizeUniqueConstraintError: Validation error
2025-05-18T19:56:00.624Z [ERROR]: Error: Validation error - URL: /api/auth/signup - Stack: Error
    at Query.run (/home/udorakpuenyi/tempinvest/server/node_modules/sequelize/src/dialects/mysql/query.js:46:25)
    at /home/udorakpuenyi/tempinvest/server/node_modules/sequelize/src/sequelize.js:650:28
    at processTicksAndRejections (node:internal/process/task_queues:105:5)
    at async MySQLQueryInterface.insert (/home/udorakpuenyi/tempinvest/server/node_modules/sequelize/src/dialects/abstract/query-interface.js:795:21)
    at async User.save (/home/udorakpuenyi/tempinvest/server/node_modules/sequelize/src/model.js:4154:35)
    at async Function.create (/home/udorakpuenyi/tempinvest/server/node_modules/sequelize/src/model.js:2305:12)
    at async Function.createInvestor (/home/udorakpuenyi/tempinvest/server/src/services/UserService.ts:22:20)
    at async investorSignup (/home/udorakpuenyi/tempinvest/server/src/controllers/AuthController.ts:8:23)
2025-05-18T19:58:43.734Z [INFO]: Request URL: POST /api/auth/signup
2025-05-18T19:58:44.049Z [WARN]: No referrer found for code: 12345
2025-05-18T19:58:44.230Z [INFO]: Created investor with userId 1
2025-05-18T20:01:25.390Z [INFO]: Request URL: POST /api/auth/signup
2025-05-18T20:01:25.469Z [ERROR]: Error in createInvestor UserService function: SequelizeDatabaseError: Table 'investment.users' doesn't exist
2025-05-18T20:01:25.471Z [ERROR]: Error: Table 'investment.users' doesn't exist - URL: /api/auth/signup - Stack: Error
    at Query.run (/home/udorakpuenyi/tempinvest/server/node_modules/sequelize/src/dialects/mysql/query.js:46:25)
    at /home/udorakpuenyi/tempinvest/server/node_modules/sequelize/src/sequelize.js:650:28
    at processTicksAndRejections (node:internal/process/task_queues:105:5)
    at async MySQLQueryInterface.insert (/home/udorakpuenyi/tempinvest/server/node_modules/sequelize/src/dialects/abstract/query-interface.js:795:21)
    at async User.save (/home/udorakpuenyi/tempinvest/server/node_modules/sequelize/src/model.js:4154:35)
    at async Function.create (/home/udorakpuenyi/tempinvest/server/node_modules/sequelize/src/model.js:2305:12)
    at async Function.createInvestor (/home/udorakpuenyi/tempinvest/server/src/services/UserService.ts:22:20)
    at async investorSignup (/home/udorakpuenyi/tempinvest/server/src/controllers/AuthController.ts:8:23)
2025-05-18T20:01:54.610Z [INFO]: Request URL: POST /api/auth/signup
2025-05-18T20:01:54.953Z [WARN]: No referrer found for code: 12345
2025-05-18T20:01:55.101Z [INFO]: Created investor with userId 1
2025-05-18T20:02:46.631Z [INFO]: Request URL: POST /api/auth/signup
2025-05-18T20:02:46.867Z [WARN]: No referrer found for code: 12345
2025-05-18T20:02:47.029Z [INFO]: Created investor with userId 1
2025-05-18T20:04:17.497Z [INFO]: Request URL: POST /api/auth/signup
2025-05-18T20:04:17.782Z [WARN]: No referrer found for code: 12345
2025-05-18T20:04:17.949Z [INFO]: Created investor with userId 1
2025-05-18T20:07:51.947Z [INFO]: Request URL: POST /api/auth/signup
2025-05-18T20:07:52.918Z [WARN]: No referrer found for code: 12345
2025-05-18T20:07:53.052Z [INFO]: Created investor with userId 1
2025-05-18T20:08:49.845Z [INFO]: Request URL: POST /api/auth/signup
2025-05-18T20:08:50.320Z [WARN]: No referrer found for code: 12345
2025-05-18T20:08:50.597Z [INFO]: Created investor with userId 1
2025-05-18T20:11:10.906Z [INFO]: Request URL: POST /api/auth/signup
2025-05-18T20:11:11.178Z [WARN]: No referrer found for code: 12345
2025-05-18T20:11:11.322Z [INFO]: Created investor with userId 1
2025-05-18T20:13:09.928Z [INFO]: Request URL: POST /api/auth/signup
2025-05-18T20:13:10.101Z [WARN]: No referrer found for code: 12345
2025-05-18T20:13:10.244Z [INFO]: Created investor with userId 1
2025-05-18T20:21:18.817Z [INFO]: Request URL: POST /api/auth/signup
2025-05-18T20:21:19.044Z [WARN]: No referrer found for code: 12345
2025-05-18T20:21:19.187Z [INFO]: Created investor with userId 1
2025-05-18T20:23:21.016Z [INFO]: Request URL: POST /api/auth/signup
2025-05-18T20:23:21.653Z [ERROR]: Error in createInvestor UserService function: SequelizeUniqueConstraintError: Validation error
2025-05-18T20:23:21.654Z [ERROR]: Error: Validation error - URL: /api/auth/signup - Stack: Error
    at Query.run (/home/udorakpuenyi/tempinvest/server/node_modules/sequelize/src/dialects/mysql/query.js:46:25)
    at /home/udorakpuenyi/tempinvest/server/node_modules/sequelize/src/sequelize.js:650:28
    at processTicksAndRejections (node:internal/process/task_queues:105:5)
    at async MySQLQueryInterface.insert (/home/udorakpuenyi/tempinvest/server/node_modules/sequelize/src/dialects/abstract/query-interface.js:795:21)
    at async User.save (/home/udorakpuenyi/tempinvest/server/node_modules/sequelize/src/model.js:4154:35)
    at async Function.create (/home/udorakpuenyi/tempinvest/server/node_modules/sequelize/src/model.js:2305:12)
    at async Function.createInvestor (/home/udorakpuenyi/tempinvest/server/src/services/UserService.ts:22:20)
    at async investorSignup (/home/udorakpuenyi/tempinvest/server/src/controllers/AuthController.ts:8:23)
2025-05-18T20:23:54.169Z [INFO]: Request URL: POST /api/auth/signup
2025-05-18T20:23:54.423Z [WARN]: No referrer found for code: 12345
2025-05-18T20:23:54.682Z [INFO]: Created investor with userId 1
2025-05-18T20:25:52.375Z [INFO]: Request URL: POST /api/auth/signup
2025-05-18T20:25:52.867Z [ERROR]: Error in createInvestor UserService function: SequelizeUniqueConstraintError: Validation error
2025-05-18T20:25:52.868Z [ERROR]: Error: Validation error - URL: /api/auth/signup - Stack: Error
    at Query.run (/home/udorakpuenyi/tempinvest/server/node_modules/sequelize/src/dialects/mysql/query.js:46:25)
    at /home/udorakpuenyi/tempinvest/server/node_modules/sequelize/src/sequelize.js:650:28
    at processTicksAndRejections (node:internal/process/task_queues:105:5)
    at async MySQLQueryInterface.insert (/home/udorakpuenyi/tempinvest/server/node_modules/sequelize/src/dialects/abstract/query-interface.js:795:21)
    at async User.save (/home/udorakpuenyi/tempinvest/server/node_modules/sequelize/src/model.js:4154:35)
    at async Function.create (/home/udorakpuenyi/tempinvest/server/node_modules/sequelize/src/model.js:2305:12)
    at async Function.createInvestor (/home/udorakpuenyi/tempinvest/server/src/services/UserService.ts:22:20)
    at async investorSignup (/home/udorakpuenyi/tempinvest/server/src/controllers/AuthController.ts:8:23)
2025-05-18T21:44:35.038Z [INFO]: Request URL: POST /api/auth/signup
2025-05-18T21:44:36.093Z [WARN]: No referrer found for code: 12345
2025-05-18T21:44:36.274Z [INFO]: Created investor with userId 1
2025-05-18T22:10:19.879Z [INFO]: Request URL: POST /api/auth/signup
2025-05-18T22:10:20.171Z [WARN]: No referrer found for code: 12345
2025-05-18T22:10:20.657Z [INFO]: Created investor with userId 1
2025-05-18T22:10:24.144Z [INFO]: Request URL: POST /api/auth/verify-email
2025-05-18T22:55:26.574Z [INFO]: Request URL: POST /api/auth/signup
2025-05-18T22:55:32.751Z [WARN]: No referrer found for code: 12345
2025-05-18T22:55:32.938Z [INFO]: Created investor with userId 1
2025-05-18T22:58:05.854Z [INFO]: Request URL: POST /api/auth/signup
2025-05-18T22:58:06.084Z [WARN]: No referrer found for code: 12345
2025-05-18T22:58:06.242Z [INFO]: Created investor with userId 1
2025-05-18T22:58:12.898Z [INFO]: Request URL: POST /api/auth/resend-verification-token
2025-05-18T22:58:17.279Z [INFO]: Request URL: POST /api/auth/verify-email
2025-05-19T16:00:33.221Z [INFO]: Request URL: POST /api/managers
2025-05-19T16:00:33.677Z [WARN]: CustomError - 403: no image path to create manager - URL: /api/managers
2025-05-19T16:03:42.360Z [INFO]: Request URL: POST /api/managers
2025-05-19T16:09:41.362Z [INFO]: Request URL: POST /api/managers
2025-05-19T16:11:56.753Z [INFO]: Request URL: POST /api/managers
2025-05-19T16:11:56.786Z [ERROR]: Failed to create Manager: SequelizeValidationError: notNull Violation: Manager.image cannot be null
2025-05-19T16:11:57.137Z [ERROR]: Error: notNull Violation: Manager.image cannot be null - URL: /api/managers - Stack: SequelizeValidationError: notNull Violation: Manager.image cannot be null
    at InstanceValidator._validate (/home/udorakpuenyi/tempinvest/server/node_modules/sequelize/src/instance-validator.js:78:13)
    at processTicksAndRejections (node:internal/process/task_queues:105:5)
    at async InstanceValidator._validateAndRunHooks (/home/udorakpuenyi/tempinvest/server/node_modules/sequelize/src/instance-validator.js:111:7)
    at async InstanceValidator.validate (/home/udorakpuenyi/tempinvest/server/node_modules/sequelize/src/instance-validator.js:93:12)
    at async Manager.save (/home/udorakpuenyi/tempinvest/server/node_modules/sequelize/src/model.js:4077:7)
    at async Function.create (/home/udorakpuenyi/tempinvest/server/node_modules/sequelize/src/model.js:2305:12)
    at async Function.createManager (/home/udorakpuenyi/tempinvest/server/src/services/ManagerService.ts:20:23)
    at async createManager (/home/udorakpuenyi/tempinvest/server/src/controllers/ManagerController.ts:18:26)
2025-05-19T16:12:20.211Z [INFO]: Request URL: POST /api/managers
2025-05-19T16:12:20.230Z [ERROR]: Failed to create Manager: SequelizeValidationError: notNull Violation: Manager.image cannot be null
2025-05-19T16:12:20.233Z [ERROR]: Error: notNull Violation: Manager.image cannot be null - URL: /api/managers - Stack: SequelizeValidationError: notNull Violation: Manager.image cannot be null
    at InstanceValidator._validate (/home/udorakpuenyi/tempinvest/server/node_modules/sequelize/src/instance-validator.js:78:13)
    at processTicksAndRejections (node:internal/process/task_queues:105:5)
    at async InstanceValidator._validateAndRunHooks (/home/udorakpuenyi/tempinvest/server/node_modules/sequelize/src/instance-validator.js:111:7)
    at async InstanceValidator.validate (/home/udorakpuenyi/tempinvest/server/node_modules/sequelize/src/instance-validator.js:93:12)
    at async Manager.save (/home/udorakpuenyi/tempinvest/server/node_modules/sequelize/src/model.js:4077:7)
    at async Function.create (/home/udorakpuenyi/tempinvest/server/node_modules/sequelize/src/model.js:2305:12)
    at async Function.createManager (/home/udorakpuenyi/tempinvest/server/src/services/ManagerService.ts:20:23)
    at async createManager (/home/udorakpuenyi/tempinvest/server/src/controllers/ManagerController.ts:18:26)
2025-05-19T16:14:36.163Z [INFO]: Request URL: POST /api/managers, [object Object]
2025-05-19T16:14:36.190Z [ERROR]: Failed to create Manager: SequelizeValidationError: notNull Violation: Manager.image cannot be null
2025-05-19T16:14:36.213Z [ERROR]: Error: notNull Violation: Manager.image cannot be null - URL: /api/managers - Stack: SequelizeValidationError: notNull Violation: Manager.image cannot be null
    at InstanceValidator._validate (/home/udorakpuenyi/tempinvest/server/node_modules/sequelize/src/instance-validator.js:78:13)
    at processTicksAndRejections (node:internal/process/task_queues:105:5)
    at async InstanceValidator._validateAndRunHooks (/home/udorakpuenyi/tempinvest/server/node_modules/sequelize/src/instance-validator.js:111:7)
    at async InstanceValidator.validate (/home/udorakpuenyi/tempinvest/server/node_modules/sequelize/src/instance-validator.js:93:12)
    at async Manager.save (/home/udorakpuenyi/tempinvest/server/node_modules/sequelize/src/model.js:4077:7)
    at async Function.create (/home/udorakpuenyi/tempinvest/server/node_modules/sequelize/src/model.js:2305:12)
    at async Function.createManager (/home/udorakpuenyi/tempinvest/server/src/services/ManagerService.ts:20:23)
    at async createManager (/home/udorakpuenyi/tempinvest/server/src/controllers/ManagerController.ts:18:26)
2025-05-19T16:14:44.484Z [INFO]: Request URL: POST /api/managers, [object Object]
2025-05-19T16:14:44.496Z [ERROR]: Failed to create Manager: SequelizeValidationError: notNull Violation: Manager.image cannot be null
2025-05-19T16:14:44.501Z [ERROR]: Error: notNull Violation: Manager.image cannot be null - URL: /api/managers - Stack: SequelizeValidationError: notNull Violation: Manager.image cannot be null
    at InstanceValidator._validate (/home/udorakpuenyi/tempinvest/server/node_modules/sequelize/src/instance-validator.js:78:13)
    at processTicksAndRejections (node:internal/process/task_queues:105:5)
    at async InstanceValidator._validateAndRunHooks (/home/udorakpuenyi/tempinvest/server/node_modules/sequelize/src/instance-validator.js:111:7)
    at async InstanceValidator.validate (/home/udorakpuenyi/tempinvest/server/node_modules/sequelize/src/instance-validator.js:93:12)
    at async Manager.save (/home/udorakpuenyi/tempinvest/server/node_modules/sequelize/src/model.js:4077:7)
    at async Function.create (/home/udorakpuenyi/tempinvest/server/node_modules/sequelize/src/model.js:2305:12)
    at async Function.createManager (/home/udorakpuenyi/tempinvest/server/src/services/ManagerService.ts:20:23)
    at async createManager (/home/udorakpuenyi/tempinvest/server/src/controllers/ManagerController.ts:18:26)
2025-05-19T16:16:58.033Z [INFO]: Request URL: POST /api/managers, undefined
2025-05-19T16:16:58.064Z [ERROR]: Failed to create Manager: SequelizeValidationError: notNull Violation: Manager.image cannot be null
2025-05-19T16:16:58.084Z [ERROR]: Error: notNull Violation: Manager.image cannot be null - URL: /api/managers - Stack: SequelizeValidationError: notNull Violation: Manager.image cannot be null
    at InstanceValidator._validate (/home/udorakpuenyi/tempinvest/server/node_modules/sequelize/src/instance-validator.js:78:13)
    at processTicksAndRejections (node:internal/process/task_queues:105:5)
    at async InstanceValidator._validateAndRunHooks (/home/udorakpuenyi/tempinvest/server/node_modules/sequelize/src/instance-validator.js:111:7)
    at async InstanceValidator.validate (/home/udorakpuenyi/tempinvest/server/node_modules/sequelize/src/instance-validator.js:93:12)
    at async Manager.save (/home/udorakpuenyi/tempinvest/server/node_modules/sequelize/src/model.js:4077:7)
    at async Function.create (/home/udorakpuenyi/tempinvest/server/node_modules/sequelize/src/model.js:2305:12)
    at async Function.createManager (/home/udorakpuenyi/tempinvest/server/src/services/ManagerService.ts:20:23)
    at async createManager (/home/udorakpuenyi/tempinvest/server/src/controllers/ManagerController.ts:18:26)
2025-05-19T16:19:08.324Z [INFO]: Request URL: POST /api/managers, undefined
2025-05-19T16:19:08.360Z [ERROR]: Failed to create Manager: SequelizeValidationError: notNull Violation: Manager.image cannot be null
2025-05-19T16:19:08.381Z [ERROR]: Error: notNull Violation: Manager.image cannot be null - URL: /api/managers - Stack: SequelizeValidationError: notNull Violation: Manager.image cannot be null
    at InstanceValidator._validate (/home/udorakpuenyi/tempinvest/server/node_modules/sequelize/src/instance-validator.js:78:13)
    at processTicksAndRejections (node:internal/process/task_queues:105:5)
    at async InstanceValidator._validateAndRunHooks (/home/udorakpuenyi/tempinvest/server/node_modules/sequelize/src/instance-validator.js:111:7)
    at async InstanceValidator.validate (/home/udorakpuenyi/tempinvest/server/node_modules/sequelize/src/instance-validator.js:93:12)
    at async Manager.save (/home/udorakpuenyi/tempinvest/server/node_modules/sequelize/src/model.js:4077:7)
    at async Function.create (/home/udorakpuenyi/tempinvest/server/node_modules/sequelize/src/model.js:2305:12)
    at async Function.createManager (/home/udorakpuenyi/tempinvest/server/src/services/ManagerService.ts:20:23)
    at async createManager (/home/udorakpuenyi/tempinvest/server/src/controllers/ManagerController.ts:18:26)
2025-05-19T16:19:09.373Z [INFO]: Request URL: POST /api/managers, undefined
2025-05-19T16:19:09.384Z [ERROR]: Failed to create Manager: SequelizeValidationError: notNull Violation: Manager.image cannot be null
2025-05-19T16:19:09.389Z [ERROR]: Error: notNull Violation: Manager.image cannot be null - URL: /api/managers - Stack: SequelizeValidationError: notNull Violation: Manager.image cannot be null
    at InstanceValidator._validate (/home/udorakpuenyi/tempinvest/server/node_modules/sequelize/src/instance-validator.js:78:13)
    at processTicksAndRejections (node:internal/process/task_queues:105:5)
    at async InstanceValidator._validateAndRunHooks (/home/udorakpuenyi/tempinvest/server/node_modules/sequelize/src/instance-validator.js:111:7)
    at async InstanceValidator.validate (/home/udorakpuenyi/tempinvest/server/node_modules/sequelize/src/instance-validator.js:93:12)
    at async Manager.save (/home/udorakpuenyi/tempinvest/server/node_modules/sequelize/src/model.js:4077:7)
    at async Function.create (/home/udorakpuenyi/tempinvest/server/node_modules/sequelize/src/model.js:2305:12)
    at async Function.createManager (/home/udorakpuenyi/tempinvest/server/src/services/ManagerService.ts:20:23)
    at async createManager (/home/udorakpuenyi/tempinvest/server/src/controllers/ManagerController.ts:18:26)
2025-05-19T17:47:01.203Z [INFO]: Request URL: POST /api/managers, undefined
2025-05-19T17:47:15.444Z [ERROR]: Failed to create Manager: SequelizeValidationError: notNull Violation: Manager.image cannot be null
2025-05-19T17:47:21.899Z [ERROR]: Error: notNull Violation: Manager.image cannot be null - URL: /api/managers - Stack: SequelizeValidationError: notNull Violation: Manager.image cannot be null
    at InstanceValidator._validate (/home/udorakpuenyi/tempinvest/server/node_modules/sequelize/src/instance-validator.js:78:13)
    at processTicksAndRejections (node:internal/process/task_queues:105:5)
    at async InstanceValidator._validateAndRunHooks (/home/udorakpuenyi/tempinvest/server/node_modules/sequelize/src/instance-validator.js:111:7)
    at async InstanceValidator.validate (/home/udorakpuenyi/tempinvest/server/node_modules/sequelize/src/instance-validator.js:93:12)
    at async Manager.save (/home/udorakpuenyi/tempinvest/server/node_modules/sequelize/src/model.js:4077:7)
    at async Function.create (/home/udorakpuenyi/tempinvest/server/node_modules/sequelize/src/model.js:2305:12)
    at async Function.createManager (/home/udorakpuenyi/tempinvest/server/src/services/ManagerService.ts:20:23)
    at async createManager (/home/udorakpuenyi/tempinvest/server/src/controllers/ManagerController.ts:18:26)
2025-05-19T17:53:57.537Z [INFO]: Request URL: POST /api//managers, undefined
2025-05-19T17:53:57.583Z [ERROR]: Failed to create Manager: SequelizeValidationError: notNull Violation: Manager.image cannot be null
2025-05-19T17:53:57.634Z [ERROR]: Error: notNull Violation: Manager.image cannot be null - URL: /api//managers - Stack: SequelizeValidationError: notNull Violation: Manager.image cannot be null
    at InstanceValidator._validate (/home/udorakpuenyi/tempinvest/server/node_modules/sequelize/src/instance-validator.js:78:13)
    at processTicksAndRejections (node:internal/process/task_queues:105:5)
    at async InstanceValidator._validateAndRunHooks (/home/udorakpuenyi/tempinvest/server/node_modules/sequelize/src/instance-validator.js:111:7)
    at async InstanceValidator.validate (/home/udorakpuenyi/tempinvest/server/node_modules/sequelize/src/instance-validator.js:93:12)
    at async Manager.save (/home/udorakpuenyi/tempinvest/server/node_modules/sequelize/src/model.js:4077:7)
    at async Function.create (/home/udorakpuenyi/tempinvest/server/node_modules/sequelize/src/model.js:2305:12)
    at async Function.createManager (/home/udorakpuenyi/tempinvest/server/src/services/ManagerService.ts:20:23)
    at async createManager (/home/udorakpuenyi/tempinvest/server/src/controllers/ManagerController.ts:18:26)
2025-05-19T17:55:02.932Z [INFO]: Request URL: POST /api//managers, undefined
2025-05-19T17:55:02.965Z [ERROR]: Failed to create Manager: SequelizeValidationError: notNull Violation: Manager.image cannot be null
2025-05-19T17:55:03.005Z [ERROR]: Error: notNull Violation: Manager.image cannot be null - URL: /api//managers - Stack: SequelizeValidationError: notNull Violation: Manager.image cannot be null
    at InstanceValidator._validate (/home/udorakpuenyi/tempinvest/server/node_modules/sequelize/src/instance-validator.js:78:13)
    at processTicksAndRejections (node:internal/process/task_queues:105:5)
    at async InstanceValidator._validateAndRunHooks (/home/udorakpuenyi/tempinvest/server/node_modules/sequelize/src/instance-validator.js:111:7)
    at async InstanceValidator.validate (/home/udorakpuenyi/tempinvest/server/node_modules/sequelize/src/instance-validator.js:93:12)
    at async Manager.save (/home/udorakpuenyi/tempinvest/server/node_modules/sequelize/src/model.js:4077:7)
    at async Function.create (/home/udorakpuenyi/tempinvest/server/node_modules/sequelize/src/model.js:2305:12)
    at async Function.createManager (/home/udorakpuenyi/tempinvest/server/src/services/ManagerService.ts:20:23)
    at async createManager (/home/udorakpuenyi/tempinvest/server/src/controllers/ManagerController.ts:18:26)
2025-05-19T17:56:04.694Z [INFO]: Request URL: POST /api//managers, undefined
2025-05-19T17:56:05.116Z [INFO]: Created Manager id=0
2025-05-19T18:21:15.921Z [INFO]: Request URL: GET /api/managers, undefined
2025-05-19T18:21:20.290Z [INFO]: Request URL: GET /api/managers, undefined
2025-05-19T18:21:28.246Z [INFO]: Request URL: GET /api/managers, undefined
2025-05-19T18:21:31.783Z [INFO]: Request URL: GET /api/managers, undefined
2025-05-19T18:23:13.561Z [INFO]: Request URL: GET /api/managers, undefined
2025-05-19T18:24:14.869Z [INFO]: Request URL: GET /api/managers, undefined
2025-05-19T18:24:38.019Z [INFO]: Request URL: GET /api/managers, undefined
2025-05-19T18:25:34.649Z [INFO]: Request URL: GET /api/managers, undefined
2025-05-19T18:28:47.075Z [INFO]: Request URL: GET /api/managers, undefined
2025-05-19T18:29:08.187Z [INFO]: Request URL: GET /api/managers, undefined
2025-05-19T18:30:43.666Z [INFO]: Request URL: GET /api/managers, undefined
2025-05-19T18:31:53.610Z [INFO]: Request URL: GET /api/managers, undefined
2025-05-19T18:32:15.258Z [INFO]: Request URL: GET /api/managers, undefined
2025-05-19T18:34:45.232Z [INFO]: Request URL: GET /api/managers, undefined
2025-05-19T18:35:02.389Z [INFO]: Request URL: GET /api/managers, undefined
2025-05-19T18:36:01.201Z [INFO]: Request URL: GET /api/managers, undefined
2025-05-19T18:42:29.854Z [INFO]: Request URL: POST /api//managers, undefined
2025-05-19T18:42:32.604Z [INFO]: Created Manager id=0
2025-05-19T18:42:48.882Z [INFO]: Request URL: GET /api/managers, undefined
2025-05-19T18:43:20.385Z [INFO]: Request URL: GET /api/managers, undefined
2025-05-19T18:44:40.434Z [INFO]: Request URL: GET /api/managers, undefined
2025-05-19T18:49:29.699Z [INFO]: Request URL: GET /api/managers, undefined
2025-05-19T18:50:04.027Z [INFO]: Request URL: GET /api/managers, undefined
2025-05-19T18:50:09.918Z [ERROR]: Error: connect ETIMEDOUT - URL: /api/managers - Stack: SequelizeConnectionError: connect ETIMEDOUT
    at ConnectionManager.connect (/home/udorakpuenyi/tempinvest/server/node_modules/sequelize/src/dialects/mysql/connection-manager.js:126:17)
    at processTicksAndRejections (node:internal/process/task_queues:105:5)
    at async ConnectionManager._connect (/home/udorakpuenyi/tempinvest/server/node_modules/sequelize/src/dialects/abstract/connection-manager.js:332:24)
2025-05-19T19:26:27.919Z [INFO]: Request URL: GET /api/managers, undefined
2025-05-19T19:26:44.357Z [INFO]: Request URL: GET /api/managers, undefined
2025-05-19T19:26:44.904Z [INFO]: Request URL: GET //uploads/manager-1747680149893.jpeg, undefined
2025-05-19T19:29:27.014Z [INFO]: Request URL: GET /api/managers, undefined
2025-05-19T19:29:37.678Z [INFO]: Request URL: GET /api/managers, undefined
2025-05-20T10:23:25.963Z [INFO]: Request URL: GET /api/managers, undefined
2025-05-20T10:23:31.081Z [INFO]: Request URL: GET /api/managers, undefined
2025-05-20T10:23:35.438Z [INFO]: Request URL: GET /api/managers, undefined
2025-05-20T10:29:16.510Z [INFO]: Request URL: GET /api/managers/2, undefined
2025-05-20T10:29:17.372Z [INFO]: Request URL: GET /api/admin-wallets, undefined
2025-05-20T18:03:29.651Z [INFO]: Request URL: GET /api/managers/2, undefined
2025-05-20T18:03:29.689Z [INFO]: Request URL: GET /api/admin-wallets, undefined
2025-05-20T18:04:15.057Z [INFO]: Request URL: POST /api/investment/new/1, undefined
2025-05-20T18:04:15.273Z [ERROR]: Failed to create ManagedPortfolio: SequelizeForeignKeyConstraintError: Cannot add or update a child row: a foreign key constraint fails (`investment`.`managed_portfolios`, CONSTRAINT `managed_portfolios_ibfk_1` FOREIGN KEY (`investorId`) REFERENCES `investors` (`id`) ON UPDATE CASCADE)
2025-05-20T18:04:15.275Z [ERROR]: Error: Cannot add or update a child row: a foreign key constraint fails (`investment`.`managed_portfolios`, CONSTRAINT `managed_portfolios_ibfk_1` FOREIGN KEY (`investorId`) REFERENCES `investors` (`id`) ON UPDATE CASCADE) - URL: /api/investment/new/1 - Stack: Error
    at Query.run (/home/udorakpuenyi/tempi/server/node_modules/sequelize/src/dialects/mysql/query.js:46:25)
    at /home/udorakpuenyi/tempi/server/node_modules/sequelize/src/sequelize.js:650:28
    at processTicksAndRejections (node:internal/process/task_queues:105:5)
    at async MySQLQueryInterface.insert (/home/udorakpuenyi/tempi/server/node_modules/sequelize/src/dialects/abstract/query-interface.js:795:21)
    at async ManagedPortfolio.save (/home/udorakpuenyi/tempi/server/node_modules/sequelize/src/model.js:4154:35)
    at async Function.create (/home/udorakpuenyi/tempi/server/node_modules/sequelize/src/model.js:2305:12)
    at async Function.createPortfolio (/home/udorakpuenyi/tempi/server/src/services/ManagerPortfolioService.ts:26:25)
    at async createInvestment (/home/udorakpuenyi/tempi/server/src/controllers/InvestorController.ts:13:27)
2025-05-21T14:10:59.019Z [INFO]: Request URL: GET /api/managers, undefined
2025-05-21T14:11:14.459Z [INFO]: Request URL: PUT /api//managers/1, undefined
2025-05-21T14:13:15.276Z [INFO]: Request URL: PUT /api/managers/1, undefined
2025-05-21T14:14:03.984Z [INFO]: Request URL: PATCH /api/managers/1, undefined
2025-05-21T14:14:04.964Z [INFO]: Updated Manager id=1
2025-05-21T14:15:02.889Z [INFO]: Request URL: GET /api/managers, undefined
2025-05-21T14:17:08.592Z [INFO]: Request URL: GET /api/managers, undefined
2025-05-21T14:17:08.737Z [INFO]: Request URL: GET /api/managers, undefined
2025-05-21T14:18:07.759Z [INFO]: Request URL: GET /api/managers, undefined
2025-05-21T14:20:10.582Z [INFO]: Request URL: GET /api/managers, undefined
2025-05-21T14:20:20.402Z [INFO]: Request URL: GET /api/managers, undefined
2025-05-21T14:21:05.130Z [INFO]: Request URL: GET /api/managers, undefined
2025-05-21T14:21:30.908Z [INFO]: Request URL: GET /api/managers, undefined
2025-05-21T14:21:33.707Z [INFO]: Request URL: GET /api/admin-wallets, undefined
2025-05-21T14:21:33.722Z [INFO]: Request URL: GET /api/managers/2, undefined
2025-05-21T14:21:34.188Z [INFO]: Request URL: GET /api/managers/2, undefined
2025-05-21T14:21:34.361Z [INFO]: Request URL: GET /api/admin-wallets, undefined
2025-05-21T14:50:27.500Z [INFO]: Request URL: GET /api/managers/2, undefined
2025-05-21T14:50:29.852Z [INFO]: Request URL: GET /api/admin-wallets, undefined
2025-05-22T10:12:50.343Z [INFO]: Request URL: GET /api/managers, undefined
2025-05-22T10:12:51.374Z [INFO]: Request URL: GET /api/managers, undefined
2025-05-22T10:54:48.072Z [INFO]: Request URL: GET /api/managers, undefined
2025-05-22T10:55:18.853Z [ERROR]: Error: connect ETIMEDOUT - URL: /api/managers - Stack: SequelizeConnectionError: connect ETIMEDOUT
    at ConnectionManager.connect (/home/udorakpuenyi/tempi/server/node_modules/sequelize/src/dialects/mysql/connection-manager.js:126:17)
    at processTicksAndRejections (node:internal/process/task_queues:105:5)
    at runNextTicks (node:internal/process/task_queues:69:3)
    at processTimers (node:internal/timers:520:9)
    at async ConnectionManager._connect (/home/udorakpuenyi/tempi/server/node_modules/sequelize/src/dialects/abstract/connection-manager.js:332:24)
2025-05-22T10:55:20.607Z [INFO]: Request URL: GET /api/managers, undefined
2025-05-22T11:07:56.150Z [INFO]: Request URL: GET /api/admin-wallets, undefined
2025-05-22T11:37:34.363Z [INFO]: Request URL: GET /api/admin-wallets, undefined
2025-05-22T11:38:06.383Z [ERROR]: Error: connect ETIMEDOUT - URL: /api/admin-wallets - Stack: SequelizeConnectionError: connect ETIMEDOUT
    at ConnectionManager.connect (/home/udorakpuenyi/tempi/server/node_modules/sequelize/src/dialects/mysql/connection-manager.js:126:17)
    at processTicksAndRejections (node:internal/process/task_queues:105:5)
    at async ConnectionManager._connect (/home/udorakpuenyi/tempi/server/node_modules/sequelize/src/dialects/abstract/connection-manager.js:332:24)
2025-05-22T11:39:56.184Z [INFO]: Request URL: GET /api/admin-wallets, undefined
2025-05-22T11:41:53.157Z [INFO]: Request URL: GET /api/admin-wallets, undefined
2025-05-22T11:42:03.933Z [ERROR]: Error: connect ETIMEDOUT - URL: /api/admin-wallets - Stack: SequelizeConnectionError: connect ETIMEDOUT
    at ConnectionManager.connect (/home/udorakpuenyi/tempi/server/node_modules/sequelize/src/dialects/mysql/connection-manager.js:126:17)
    at processTicksAndRejections (node:internal/process/task_queues:105:5)
    at async ConnectionManager._connect (/home/udorakpuenyi/tempi/server/node_modules/sequelize/src/dialects/abstract/connection-manager.js:332:24)
2025-05-22T11:42:06.956Z [INFO]: Request URL: GET /api/admin-wallets, undefined
2025-05-22T11:42:12.133Z [INFO]: Request URL: GET /api/admin-wallets, undefined
2025-05-22T11:42:13.034Z [INFO]: Request URL: GET /api/admin-wallets, undefined
2025-05-22T11:44:02.275Z [INFO]: Request URL: GET /api/admin-wallets, undefined
2025-05-22T11:45:04.600Z [INFO]: Request URL: POST /api/admin-wallets, undefined
2025-05-22T11:45:12.224Z [INFO]: Created AdminWallet
2025-05-22T11:47:14.628Z [INFO]: Request URL: GET /api/admin-wallets, undefined
2025-05-22T11:47:15.218Z [INFO]: Request URL: GET /api/admin-wallets, undefined
2025-05-22T11:47:19.836Z [INFO]: Request URL: GET /api/admin-wallets, undefined
2025-05-22T11:47:19.880Z [INFO]: Request URL: GET /api/admin-wallets, undefined
2025-05-22T11:47:45.966Z [INFO]: Request URL: PATCH /api/admin-wallets/1, undefined
2025-05-22T11:47:50.004Z [INFO]: Updated AdminWallet with id 1
2025-05-22T11:47:53.101Z [INFO]: Request URL: GET /api/admin-wallets, undefined
2025-05-22T11:51:17.962Z [INFO]: Request URL: GET /api/admin-wallets, undefined
2025-05-22T12:08:08.930Z [INFO]: Request URL: GET /api/admin-wallets, undefined
2025-05-22T12:09:49.471Z [INFO]: Request URL: GET /api/admin-wallets, undefined
2025-05-22T12:10:26.414Z [INFO]: Request URL: GET /api/admin-wallets, undefined
2025-05-22T12:10:46.319Z [INFO]: Request URL: GET /api/admin-wallets, undefined
2025-05-22T13:26:50.926Z [INFO]: Request URL: GET /api/social-media, undefined
2025-05-22T13:38:08.653Z [INFO]: Request URL: GET /api/social-media, undefined
2025-05-22T13:43:10.269Z [INFO]: Request URL: GET /api/social-media, undefined
2025-05-22T13:43:56.540Z [INFO]: Request URL: GET /api/social-media, undefined
2025-05-22T13:43:56.547Z [INFO]: SocialMediaService.getAllSocialMedias called
2025-05-22T13:43:56.759Z [INFO]: Retrieved 0 social media records
2025-05-22T14:09:56.242Z [INFO]: Request URL: GET /api/admin-wallets, undefined
2025-05-22T14:16:41.838Z [INFO]: Request URL: GET /api/admin-wallets, undefined
2025-05-22T14:17:23.602Z [INFO]: Request URL: GET /api/social-media, undefined
2025-05-22T14:17:23.603Z [INFO]: SocialMediaService.getAllSocialMedias called
2025-05-22T14:17:24.161Z [INFO]: Retrieved 0 social media records
2025-05-22T14:17:24.165Z [INFO]: Request URL: GET /api/social-media, undefined
2025-05-22T14:17:24.168Z [INFO]: SocialMediaService.getAllSocialMedias called
2025-05-22T14:17:24.173Z [INFO]: Retrieved 0 social media records
2025-05-22T14:18:27.415Z [INFO]: Request URL: POST /api/social-media, undefined
2025-05-22T14:18:27.417Z [WARN]: CustomError - 403: no logo path - URL: /api/social-media
2025-05-22T15:22:05.589Z [INFO]: Request URL: GET /api/managers, undefined
2025-05-22T16:05:57.127Z [INFO]: Request URL: GET /api/managers, undefined
2025-05-23T08:16:22.596Z [INFO]: Request URL: GET /api/admin-wallets, undefined
2025-05-23T08:16:41.049Z [INFO]: Request URL: GET /api/managers, undefined
2025-05-23T08:16:41.244Z [INFO]: Request URL: GET /api/managers, undefined
2025-05-23T08:16:52.183Z [INFO]: Request URL: GET /api/managers, undefined
2025-05-23T08:16:52.338Z [INFO]: Request URL: GET /api/managers, undefined
2025-05-23T08:17:03.684Z [INFO]: Request URL: GET /api/social-media, undefined
2025-05-23T08:17:03.686Z [INFO]: SocialMediaService.getAllSocialMedias called
2025-05-23T08:17:04.048Z [INFO]: Retrieved 0 social media records
2025-05-23T08:17:04.055Z [INFO]: Request URL: GET /api/social-media, undefined
2025-05-23T08:17:04.059Z [INFO]: SocialMediaService.getAllSocialMedias called
2025-05-23T08:17:04.079Z [INFO]: Retrieved 0 social media records
2025-05-23T08:17:55.439Z [INFO]: Request URL: POST /api/social-media, undefined
2025-05-23T08:17:56.410Z [WARN]: CustomError - 403: no logo path - URL: /api/social-media
2025-05-23T08:30:19.468Z [INFO]: Request URL: GET /api/social-media, undefined
2025-05-23T08:30:19.475Z [INFO]: SocialMediaService.getAllSocialMedias called
2025-05-23T08:30:19.958Z [INFO]: Retrieved 0 social media records
2025-05-23T08:34:03.492Z [INFO]: Request URL: POST /api//social-media, undefined
2025-05-23T08:34:03.497Z [WARN]: CustomError - 403: no logo path - URL: /api//social-media
2025-05-23T08:36:48.385Z [INFO]: Request URL: POST /api//social-media, undefined
2025-05-23T08:36:48.440Z [INFO]: SocialMediaService.createSocialMedia called
2025-05-23T08:36:50.188Z [INFO]: SocialMedia created successfully
2025-05-23T08:37:06.445Z [INFO]: Request URL: GET /api/social-media, undefined
2025-05-23T08:37:06.457Z [INFO]: SocialMediaService.getAllSocialMedias called
2025-05-23T08:37:06.668Z [INFO]: Retrieved 1 social media records
2025-05-23T08:37:20.576Z [INFO]: Request URL: PATCH /api//social-media/1, undefined
2025-05-23T08:37:20.581Z [INFO]: SocialMediaService.updateSocialMedia called for id=1
2025-05-23T08:37:21.203Z [INFO]: SocialMedia updated successfully for id=1
2025-05-23T08:39:26.313Z [INFO]: Request URL: GET /api/managers, undefined
2025-05-23T08:39:26.580Z [INFO]: Request URL: GET /api/managers, undefined
2025-05-23T08:41:27.876Z [INFO]: Request URL: GET /api/managers, undefined
2025-05-23T08:47:38.526Z [INFO]: Request URL: GET /api/managers, undefined
2025-05-23T08:47:52.500Z [ERROR]: Error: connect ETIMEDOUT - URL: /api/managers - Stack: SequelizeConnectionError: connect ETIMEDOUT
    at ConnectionManager.connect (/home/udorakpuenyi/tempi/server/node_modules/sequelize/src/dialects/mysql/connection-manager.js:126:17)
    at processTicksAndRejections (node:internal/process/task_queues:105:5)
    at async ConnectionManager._connect (/home/udorakpuenyi/tempi/server/node_modules/sequelize/src/dialects/abstract/connection-manager.js:332:24)
2025-05-23T08:48:27.013Z [INFO]: Request URL: GET /api/managers, undefined
2025-05-23T08:53:19.174Z [INFO]: Request URL: GET /api/admin-wallets, undefined
2025-05-23T08:53:20.852Z [INFO]: Request URL: GET /api/managers/2, undefined
2025-05-23T09:03:18.668Z [INFO]: Request URL: GET /api/managers/2, undefined
2025-05-23T09:03:19.231Z [INFO]: Request URL: GET /api/admin-wallets, undefined
2025-05-23T09:03:25.416Z [INFO]: Request URL: GET /api/managers/2, undefined
2025-05-23T09:03:26.466Z [INFO]: Request URL: GET /api/admin-wallets, undefined
2025-05-23T09:04:49.864Z [INFO]: Request URL: GET /api/managers/2, undefined
2025-05-23T09:04:50.038Z [INFO]: Request URL: GET /api/admin-wallets, undefined
2025-05-23T09:05:14.139Z [INFO]: Request URL: POST /api/investment/new/1, undefined
2025-05-23T09:05:26.998Z [ERROR]: Failed to create ManagedPortfolio: SequelizeForeignKeyConstraintError: Cannot add or update a child row: a foreign key constraint fails (`investment`.`managed_portfolios`, CONSTRAINT `managed_portfolios_ibfk_1` FOREIGN KEY (`investorId`) REFERENCES `investors` (`id`) ON UPDATE CASCADE)
2025-05-23T09:05:27.012Z [ERROR]: Error: Cannot add or update a child row: a foreign key constraint fails (`investment`.`managed_portfolios`, CONSTRAINT `managed_portfolios_ibfk_1` FOREIGN KEY (`investorId`) REFERENCES `investors` (`id`) ON UPDATE CASCADE) - URL: /api/investment/new/1 - Stack: Error
    at Query.run (/home/udorakpuenyi/tempi/server/node_modules/sequelize/src/dialects/mysql/query.js:46:25)
    at /home/udorakpuenyi/tempi/server/node_modules/sequelize/src/sequelize.js:650:28
    at processTicksAndRejections (node:internal/process/task_queues:105:5)
    at async MySQLQueryInterface.insert (/home/udorakpuenyi/tempi/server/node_modules/sequelize/src/dialects/abstract/query-interface.js:795:21)
    at async ManagedPortfolio.save (/home/udorakpuenyi/tempi/server/node_modules/sequelize/src/model.js:4154:35)
    at async Function.create (/home/udorakpuenyi/tempi/server/node_modules/sequelize/src/model.js:2305:12)
    at async Function.createPortfolio (/home/udorakpuenyi/tempi/server/src/services/ManagerPortfolioService.ts:26:25)
    at async createInvestment (/home/udorakpuenyi/tempi/server/src/controllers/InvestorController.ts:14:27)
2025-05-23T09:22:14.700Z [INFO]: Request URL: POST /api/investment/new/1, undefined
2025-05-23T09:22:14.704Z [WARN]: CustomError - 400: Missing 'wallet' details for CRYPTO deposit - URL: /api/investment/new/1
2025-05-23T09:23:21.120Z [INFO]: Request URL: GET /api/admin-wallets, undefined
2025-05-23T09:23:21.142Z [INFO]: Request URL: GET /api/managers/2, undefined
2025-05-23T09:24:02.495Z [INFO]: Request URL: GET /api/managers/2, undefined
2025-05-23T09:24:02.528Z [INFO]: Request URL: GET /api/admin-wallets, undefined
2025-05-23T09:24:22.688Z [INFO]: Request URL: POST /api/investment/new/1, undefined
2025-05-23T09:24:22.689Z [WARN]: CustomError - 400: Missing 'wallet' details for CRYPTO deposit - URL: /api/investment/new/1
2025-05-23T09:26:35.720Z [INFO]: Request URL: POST /api/investment/new/1, undefined
2025-05-23T09:26:35.726Z [WARN]: CustomError - 400: Missing 'wallet' details for CRYPTO deposit - URL: /api/investment/new/1
2025-05-23T09:27:44.926Z [INFO]: Request URL: GET /api/managers/2, undefined
2025-05-23T09:27:45.031Z [INFO]: Request URL: GET /api/admin-wallets, undefined
2025-05-23T09:36:43.866Z [INFO]: Request URL: GET /api/managers/2, undefined
2025-05-23T09:36:44.045Z [INFO]: Request URL: GET /api/admin-wallets, undefined
2025-05-23T09:37:40.744Z [INFO]: Request URL: POST /api/investment/new/1, undefined
2025-05-23T09:37:59.381Z [ERROR]: Failed to create ManagedPortfolio: SequelizeForeignKeyConstraintError: Cannot add or update a child row: a foreign key constraint fails (`investment`.`managed_portfolios`, CONSTRAINT `managed_portfolios_ibfk_1` FOREIGN KEY (`investorId`) REFERENCES `investors` (`id`) ON UPDATE CASCADE)
2025-05-23T09:37:59.383Z [ERROR]: Error: Cannot add or update a child row: a foreign key constraint fails (`investment`.`managed_portfolios`, CONSTRAINT `managed_portfolios_ibfk_1` FOREIGN KEY (`investorId`) REFERENCES `investors` (`id`) ON UPDATE CASCADE) - URL: /api/investment/new/1 - Stack: Error
    at Query.run (/home/udorakpuenyi/tempi/server/node_modules/sequelize/src/dialects/mysql/query.js:46:25)
    at /home/udorakpuenyi/tempi/server/node_modules/sequelize/src/sequelize.js:650:28
    at processTicksAndRejections (node:internal/process/task_queues:105:5)
    at async MySQLQueryInterface.insert (/home/udorakpuenyi/tempi/server/node_modules/sequelize/src/dialects/abstract/query-interface.js:795:21)
    at async ManagedPortfolio.save (/home/udorakpuenyi/tempi/server/node_modules/sequelize/src/model.js:4154:35)
    at async Function.create (/home/udorakpuenyi/tempi/server/node_modules/sequelize/src/model.js:2305:12)
    at async Function.createPortfolio (/home/udorakpuenyi/tempi/server/src/services/ManagedPortfolioService.ts:28:25)
    at async createInvestment (/home/udorakpuenyi/tempi/server/src/controllers/ManagedPortfolioController.ts:55:25)
2025-05-23T09:44:09.572Z [INFO]: Request URL: GET /api/managers/2, undefined
2025-05-23T09:44:09.921Z [INFO]: Request URL: GET /api/admin-wallets, undefined
2025-05-23T10:23:14.575Z [INFO]: Request URL: GET /api/managers/2, undefined
2025-05-23T10:23:14.605Z [INFO]: Request URL: GET /api/admin-wallets, undefined
2025-05-23T10:23:54.836Z [INFO]: Request URL: POST /api/investment/new/1, undefined
2025-05-23T10:23:55.372Z [ERROR]: Failed to create ManagedPortfolio: SequelizeForeignKeyConstraintError: Cannot add or update a child row: a foreign key constraint fails (`investment`.`managed_portfolios`, CONSTRAINT `managed_portfolios_ibfk_1` FOREIGN KEY (`investorId`) REFERENCES `investors` (`id`) ON UPDATE CASCADE)
2025-05-23T10:23:55.374Z [ERROR]: Error: Cannot add or update a child row: a foreign key constraint fails (`investment`.`managed_portfolios`, CONSTRAINT `managed_portfolios_ibfk_1` FOREIGN KEY (`investorId`) REFERENCES `investors` (`id`) ON UPDATE CASCADE) - URL: /api/investment/new/1 - Stack: Error
    at Query.run (/home/udorakpuenyi/tempi/server/node_modules/sequelize/src/dialects/mysql/query.js:46:25)
    at /home/udorakpuenyi/tempi/server/node_modules/sequelize/src/sequelize.js:650:28
    at processTicksAndRejections (node:internal/process/task_queues:105:5)
    at async MySQLQueryInterface.insert (/home/udorakpuenyi/tempi/server/node_modules/sequelize/src/dialects/abstract/query-interface.js:795:21)
    at async ManagedPortfolio.save (/home/udorakpuenyi/tempi/server/node_modules/sequelize/src/model.js:4154:35)
    at async Function.create (/home/udorakpuenyi/tempi/server/node_modules/sequelize/src/model.js:2305:12)
    at async Function.createPortfolio (/home/udorakpuenyi/tempi/server/src/services/ManagedPortfolioService.ts:28:25)
    at async createInvestment (/home/udorakpuenyi/tempi/server/src/controllers/ManagedPortfolioController.ts:55:25)
2025-05-23T10:25:57.096Z [INFO]: Request URL: POST /api/investment/new/1, undefined
2025-05-23T10:25:57.437Z [ERROR]: Failed to create ManagedPortfolio: SequelizeForeignKeyConstraintError: Cannot add or update a child row: a foreign key constraint fails (`investment`.`managed_portfolios`, CONSTRAINT `managed_portfolios_ibfk_1` FOREIGN KEY (`investorId`) REFERENCES `investors` (`id`) ON UPDATE CASCADE)
2025-05-23T10:25:57.438Z [ERROR]: Error: Cannot add or update a child row: a foreign key constraint fails (`investment`.`managed_portfolios`, CONSTRAINT `managed_portfolios_ibfk_1` FOREIGN KEY (`investorId`) REFERENCES `investors` (`id`) ON UPDATE CASCADE) - URL: /api/investment/new/1 - Stack: Error
    at Query.run (/home/udorakpuenyi/tempi/server/node_modules/sequelize/src/dialects/mysql/query.js:46:25)
    at /home/udorakpuenyi/tempi/server/node_modules/sequelize/src/sequelize.js:650:28
    at processTicksAndRejections (node:internal/process/task_queues:105:5)
    at async MySQLQueryInterface.insert (/home/udorakpuenyi/tempi/server/node_modules/sequelize/src/dialects/abstract/query-interface.js:795:21)
    at async ManagedPortfolio.save (/home/udorakpuenyi/tempi/server/node_modules/sequelize/src/model.js:4154:35)
    at async Function.create (/home/udorakpuenyi/tempi/server/node_modules/sequelize/src/model.js:2305:12)
    at async Function.createPortfolio (/home/udorakpuenyi/tempi/server/src/services/ManagedPortfolioService.ts:30:25)
    at async createInvestment (/home/udorakpuenyi/tempi/server/src/controllers/ManagedPortfolioController.ts:55:25)
2025-05-23T10:26:37.540Z [INFO]: Request URL: POST /api/investment/new/1, undefined
2025-05-23T10:26:37.811Z [ERROR]: Failed to create ManagedPortfolio: SequelizeForeignKeyConstraintError: Cannot add or update a child row: a foreign key constraint fails (`investment`.`managed_portfolios`, CONSTRAINT `managed_portfolios_ibfk_1` FOREIGN KEY (`investorId`) REFERENCES `investors` (`id`) ON UPDATE CASCADE)
2025-05-23T10:26:37.812Z [ERROR]: Error: Cannot add or update a child row: a foreign key constraint fails (`investment`.`managed_portfolios`, CONSTRAINT `managed_portfolios_ibfk_1` FOREIGN KEY (`investorId`) REFERENCES `investors` (`id`) ON UPDATE CASCADE) - URL: /api/investment/new/1 - Stack: Error
    at Query.run (/home/udorakpuenyi/tempi/server/node_modules/sequelize/src/dialects/mysql/query.js:46:25)
    at /home/udorakpuenyi/tempi/server/node_modules/sequelize/src/sequelize.js:650:28
    at processTicksAndRejections (node:internal/process/task_queues:105:5)
    at async MySQLQueryInterface.insert (/home/udorakpuenyi/tempi/server/node_modules/sequelize/src/dialects/abstract/query-interface.js:795:21)
    at async ManagedPortfolio.save (/home/udorakpuenyi/tempi/server/node_modules/sequelize/src/model.js:4154:35)
    at async Function.create (/home/udorakpuenyi/tempi/server/node_modules/sequelize/src/model.js:2305:12)
    at async Function.createPortfolio (/home/udorakpuenyi/tempi/server/src/services/ManagedPortfolioService.ts:30:25)
    at async createInvestment (/home/udorakpuenyi/tempi/server/src/controllers/ManagedPortfolioController.ts:55:25)
2025-05-23T10:33:35.348Z [INFO]: Request URL: POST /api/investment/new/1, undefined
2025-05-23T10:33:36.124Z [ERROR]: Failed to create ManagedPortfolio: SequelizeForeignKeyConstraintError: Cannot add or update a child row: a foreign key constraint fails (`investment`.`managed_portfolios`, CONSTRAINT `managed_portfolios_ibfk_1` FOREIGN KEY (`investorId`) REFERENCES `investors` (`id`) ON UPDATE CASCADE)
2025-05-23T10:33:36.128Z [ERROR]: Error: Cannot add or update a child row: a foreign key constraint fails (`investment`.`managed_portfolios`, CONSTRAINT `managed_portfolios_ibfk_1` FOREIGN KEY (`investorId`) REFERENCES `investors` (`id`) ON UPDATE CASCADE) - URL: /api/investment/new/1 - Stack: Error
    at Query.run (/home/udorakpuenyi/tempi/server/node_modules/sequelize/src/dialects/mysql/query.js:46:25)
    at /home/udorakpuenyi/tempi/server/node_modules/sequelize/src/sequelize.js:650:28
    at processTicksAndRejections (node:internal/process/task_queues:105:5)
    at async MySQLQueryInterface.insert (/home/udorakpuenyi/tempi/server/node_modules/sequelize/src/dialects/abstract/query-interface.js:795:21)
    at async ManagedPortfolio.save (/home/udorakpuenyi/tempi/server/node_modules/sequelize/src/model.js:4154:35)
    at async Function.create (/home/udorakpuenyi/tempi/server/node_modules/sequelize/src/model.js:2305:12)
    at async Function.createPortfolio (/home/udorakpuenyi/tempi/server/src/services/ManagedPortfolioService.ts:31:25)
    at async createInvestment (/home/udorakpuenyi/tempi/server/src/controllers/ManagedPortfolioController.ts:55:25)
2025-05-23T11:53:04.064Z [INFO]: Request URL: GET /api/managers/2, undefined
2025-05-23T11:53:08.029Z [INFO]: Request URL: GET /api/admin-wallets, undefined
2025-05-23T12:47:29.972Z [INFO]: Request URL: GET /api/admin-wallets, undefined
2025-05-23T12:47:31.047Z [INFO]: Request URL: GET /api/managers/2, undefined
