2025-05-18T19:46:23.284Z [ERROR]: Failed to fetch investor by referralCode 12345: Error: Investor not found
2025-05-18T19:46:23.286Z [ERROR]: Error in createInvestor UserService function: Error: Investor not found
2025-05-18T19:46:23.287Z [WARN]: CustomError - 404: Investor not found - URL: /api/auth/signup
2025-05-18T19:48:06.159Z [ERROR]: Error in createInvestor UserService function: SequelizeUniqueConstraintError: Validation error
2025-05-18T19:48:06.161Z [ERROR]: Error: Validation error - URL: /api/auth/signup - Stack: Error
    at Query.run (/home/udorakpuenyi/tempinvest/server/node_modules/sequelize/src/dialects/mysql/query.js:46:25)
    at /home/udorakpuenyi/tempinvest/server/node_modules/sequelize/src/sequelize.js:650:28
    at processTicksAndRejections (node:internal/process/task_queues:105:5)
    at async MySQLQueryInterface.insert (/home/udorakpuenyi/tempinvest/server/node_modules/sequelize/src/dialects/abstract/query-interface.js:795:21)
    at async User.save (/home/udorakpuenyi/tempinvest/server/node_modules/sequelize/src/model.js:4154:35)
    at async Function.create (/home/udorakpuenyi/tempinvest/server/node_modules/sequelize/src/model.js:2305:12)
    at async Function.createInvestor (/home/udorakpuenyi/tempinvest/server/src/services/UserService.ts:22:20)
    at async investorSignup (/home/udorakpuenyi/tempinvest/server/src/controllers/AuthController.ts:8:23)
2025-05-18T19:50:53.483Z [WARN]: No referrer found for code: 12345
2025-05-18T19:54:26.388Z [WARN]: No referrer found for code: 12345
2025-05-18T19:55:39.188Z [ERROR]: Failed to fetch investor by referralCode 12345: SequelizeDatabaseError: Table 'investment.investors' doesn't exist
2025-05-18T19:55:39.191Z [ERROR]: Error in createInvestor UserService function: SequelizeDatabaseError: Table 'investment.investors' doesn't exist
2025-05-18T19:55:39.192Z [ERROR]: Error: Table 'investment.investors' doesn't exist - URL: /api/auth/signup - Stack: Error
    at Query.run (/home/udorakpuenyi/tempinvest/server/node_modules/sequelize/src/dialects/mysql/query.js:46:25)
    at /home/udorakpuenyi/tempinvest/server/node_modules/sequelize/src/sequelize.js:650:28
    at processTicksAndRejections (node:internal/process/task_queues:105:5)
    at async MySQLQueryInterface.select (/home/udorakpuenyi/tempinvest/server/node_modules/sequelize/src/dialects/abstract/query-interface.js:1001:12)
    at async Function.findAll (/home/udorakpuenyi/tempinvest/server/node_modules/sequelize/src/model.js:1824:21)
    at async Function.findOne (/home/udorakpuenyi/tempinvest/server/node_modules/sequelize/src/model.js:1998:12)
    at async Function.getInvestorByRefferalCode (/home/udorakpuenyi/tempinvest/server/src/services/InvestorService.ts:72:24)
    at async Function.createInvestor (/home/udorakpuenyi/tempinvest/server/src/services/UserService.ts:32:26)
    at async investorSignup (/home/udorakpuenyi/tempinvest/server/src/controllers/AuthController.ts:8:23)
2025-05-18T19:56:00.622Z [ERROR]: Error in createInvestor UserService function: SequelizeUniqueConstraintError: Validation error
2025-05-18T19:56:00.624Z [ERROR]: Error: Validation error - URL: /api/auth/signup - Stack: Error
    at Query.run (/home/udorakpuenyi/tempinvest/server/node_modules/sequelize/src/dialects/mysql/query.js:46:25)
    at /home/udorakpuenyi/tempinvest/server/node_modules/sequelize/src/sequelize.js:650:28
    at processTicksAndRejections (node:internal/process/task_queues:105:5)
    at async MySQLQueryInterface.insert (/home/udorakpuenyi/tempinvest/server/node_modules/sequelize/src/dialects/abstract/query-interface.js:795:21)
    at async User.save (/home/udorakpuenyi/tempinvest/server/node_modules/sequelize/src/model.js:4154:35)
    at async Function.create (/home/udorakpuenyi/tempinvest/server/node_modules/sequelize/src/model.js:2305:12)
    at async Function.createInvestor (/home/udorakpuenyi/tempinvest/server/src/services/UserService.ts:22:20)
    at async investorSignup (/home/udorakpuenyi/tempinvest/server/src/controllers/AuthController.ts:8:23)
2025-05-18T19:58:44.049Z [WARN]: No referrer found for code: 12345
2025-05-18T20:01:25.469Z [ERROR]: Error in createInvestor UserService function: SequelizeDatabaseError: Table 'investment.users' doesn't exist
2025-05-18T20:01:25.471Z [ERROR]: Error: Table 'investment.users' doesn't exist - URL: /api/auth/signup - Stack: Error
    at Query.run (/home/udorakpuenyi/tempinvest/server/node_modules/sequelize/src/dialects/mysql/query.js:46:25)
    at /home/udorakpuenyi/tempinvest/server/node_modules/sequelize/src/sequelize.js:650:28
    at processTicksAndRejections (node:internal/process/task_queues:105:5)
    at async MySQLQueryInterface.insert (/home/udorakpuenyi/tempinvest/server/node_modules/sequelize/src/dialects/abstract/query-interface.js:795:21)
    at async User.save (/home/udorakpuenyi/tempinvest/server/node_modules/sequelize/src/model.js:4154:35)
    at async Function.create (/home/udorakpuenyi/tempinvest/server/node_modules/sequelize/src/model.js:2305:12)
    at async Function.createInvestor (/home/udorakpuenyi/tempinvest/server/src/services/UserService.ts:22:20)
    at async investorSignup (/home/udorakpuenyi/tempinvest/server/src/controllers/AuthController.ts:8:23)
2025-05-18T20:01:54.953Z [WARN]: No referrer found for code: 12345
2025-05-18T20:02:46.867Z [WARN]: No referrer found for code: 12345
2025-05-18T20:04:17.782Z [WARN]: No referrer found for code: 12345
2025-05-18T20:07:52.918Z [WARN]: No referrer found for code: 12345
2025-05-18T20:08:50.320Z [WARN]: No referrer found for code: 12345
2025-05-18T20:11:11.178Z [WARN]: No referrer found for code: 12345
2025-05-18T20:13:10.101Z [WARN]: No referrer found for code: 12345
2025-05-18T20:21:19.044Z [WARN]: No referrer found for code: 12345
2025-05-18T20:23:21.653Z [ERROR]: Error in createInvestor UserService function: SequelizeUniqueConstraintError: Validation error
2025-05-18T20:23:21.654Z [ERROR]: Error: Validation error - URL: /api/auth/signup - Stack: Error
    at Query.run (/home/udorakpuenyi/tempinvest/server/node_modules/sequelize/src/dialects/mysql/query.js:46:25)
    at /home/udorakpuenyi/tempinvest/server/node_modules/sequelize/src/sequelize.js:650:28
    at processTicksAndRejections (node:internal/process/task_queues:105:5)
    at async MySQLQueryInterface.insert (/home/udorakpuenyi/tempinvest/server/node_modules/sequelize/src/dialects/abstract/query-interface.js:795:21)
    at async User.save (/home/udorakpuenyi/tempinvest/server/node_modules/sequelize/src/model.js:4154:35)
    at async Function.create (/home/udorakpuenyi/tempinvest/server/node_modules/sequelize/src/model.js:2305:12)
    at async Function.createInvestor (/home/udorakpuenyi/tempinvest/server/src/services/UserService.ts:22:20)
    at async investorSignup (/home/udorakpuenyi/tempinvest/server/src/controllers/AuthController.ts:8:23)
2025-05-18T20:23:54.423Z [WARN]: No referrer found for code: 12345
2025-05-18T20:25:52.867Z [ERROR]: Error in createInvestor UserService function: SequelizeUniqueConstraintError: Validation error
2025-05-18T20:25:52.868Z [ERROR]: Error: Validation error - URL: /api/auth/signup - Stack: Error
    at Query.run (/home/udorakpuenyi/tempinvest/server/node_modules/sequelize/src/dialects/mysql/query.js:46:25)
    at /home/udorakpuenyi/tempinvest/server/node_modules/sequelize/src/sequelize.js:650:28
    at processTicksAndRejections (node:internal/process/task_queues:105:5)
    at async MySQLQueryInterface.insert (/home/udorakpuenyi/tempinvest/server/node_modules/sequelize/src/dialects/abstract/query-interface.js:795:21)
    at async User.save (/home/udorakpuenyi/tempinvest/server/node_modules/sequelize/src/model.js:4154:35)
    at async Function.create (/home/udorakpuenyi/tempinvest/server/node_modules/sequelize/src/model.js:2305:12)
    at async Function.createInvestor (/home/udorakpuenyi/tempinvest/server/src/services/UserService.ts:22:20)
    at async investorSignup (/home/udorakpuenyi/tempinvest/server/src/controllers/AuthController.ts:8:23)
2025-05-18T21:44:36.093Z [WARN]: No referrer found for code: 12345
2025-05-18T22:10:20.171Z [WARN]: No referrer found for code: 12345
2025-05-18T22:55:32.751Z [WARN]: No referrer found for code: 12345
2025-05-18T22:58:06.084Z [WARN]: No referrer found for code: 12345
2025-05-19T16:00:33.677Z [WARN]: CustomError - 403: no image path to create manager - URL: /api/managers
2025-05-19T16:11:56.786Z [ERROR]: Failed to create Manager: SequelizeValidationError: notNull Violation: Manager.image cannot be null
2025-05-19T16:11:57.137Z [ERROR]: Error: notNull Violation: Manager.image cannot be null - URL: /api/managers - Stack: SequelizeValidationError: notNull Violation: Manager.image cannot be null
    at InstanceValidator._validate (/home/udorakpuenyi/tempinvest/server/node_modules/sequelize/src/instance-validator.js:78:13)
    at processTicksAndRejections (node:internal/process/task_queues:105:5)
    at async InstanceValidator._validateAndRunHooks (/home/udorakpuenyi/tempinvest/server/node_modules/sequelize/src/instance-validator.js:111:7)
    at async InstanceValidator.validate (/home/udorakpuenyi/tempinvest/server/node_modules/sequelize/src/instance-validator.js:93:12)
    at async Manager.save (/home/udorakpuenyi/tempinvest/server/node_modules/sequelize/src/model.js:4077:7)
    at async Function.create (/home/udorakpuenyi/tempinvest/server/node_modules/sequelize/src/model.js:2305:12)
    at async Function.createManager (/home/udorakpuenyi/tempinvest/server/src/services/ManagerService.ts:20:23)
    at async createManager (/home/udorakpuenyi/tempinvest/server/src/controllers/ManagerController.ts:18:26)
2025-05-19T16:12:20.230Z [ERROR]: Failed to create Manager: SequelizeValidationError: notNull Violation: Manager.image cannot be null
2025-05-19T16:12:20.233Z [ERROR]: Error: notNull Violation: Manager.image cannot be null - URL: /api/managers - Stack: SequelizeValidationError: notNull Violation: Manager.image cannot be null
    at InstanceValidator._validate (/home/udorakpuenyi/tempinvest/server/node_modules/sequelize/src/instance-validator.js:78:13)
    at processTicksAndRejections (node:internal/process/task_queues:105:5)
    at async InstanceValidator._validateAndRunHooks (/home/udorakpuenyi/tempinvest/server/node_modules/sequelize/src/instance-validator.js:111:7)
    at async InstanceValidator.validate (/home/udorakpuenyi/tempinvest/server/node_modules/sequelize/src/instance-validator.js:93:12)
    at async Manager.save (/home/udorakpuenyi/tempinvest/server/node_modules/sequelize/src/model.js:4077:7)
    at async Function.create (/home/udorakpuenyi/tempinvest/server/node_modules/sequelize/src/model.js:2305:12)
    at async Function.createManager (/home/udorakpuenyi/tempinvest/server/src/services/ManagerService.ts:20:23)
    at async createManager (/home/udorakpuenyi/tempinvest/server/src/controllers/ManagerController.ts:18:26)
2025-05-19T16:14:36.190Z [ERROR]: Failed to create Manager: SequelizeValidationError: notNull Violation: Manager.image cannot be null
2025-05-19T16:14:36.213Z [ERROR]: Error: notNull Violation: Manager.image cannot be null - URL: /api/managers - Stack: SequelizeValidationError: notNull Violation: Manager.image cannot be null
    at InstanceValidator._validate (/home/udorakpuenyi/tempinvest/server/node_modules/sequelize/src/instance-validator.js:78:13)
    at processTicksAndRejections (node:internal/process/task_queues:105:5)
    at async InstanceValidator._validateAndRunHooks (/home/udorakpuenyi/tempinvest/server/node_modules/sequelize/src/instance-validator.js:111:7)
    at async InstanceValidator.validate (/home/udorakpuenyi/tempinvest/server/node_modules/sequelize/src/instance-validator.js:93:12)
    at async Manager.save (/home/udorakpuenyi/tempinvest/server/node_modules/sequelize/src/model.js:4077:7)
    at async Function.create (/home/udorakpuenyi/tempinvest/server/node_modules/sequelize/src/model.js:2305:12)
    at async Function.createManager (/home/udorakpuenyi/tempinvest/server/src/services/ManagerService.ts:20:23)
    at async createManager (/home/udorakpuenyi/tempinvest/server/src/controllers/ManagerController.ts:18:26)
2025-05-19T16:14:44.496Z [ERROR]: Failed to create Manager: SequelizeValidationError: notNull Violation: Manager.image cannot be null
2025-05-19T16:14:44.501Z [ERROR]: Error: notNull Violation: Manager.image cannot be null - URL: /api/managers - Stack: SequelizeValidationError: notNull Violation: Manager.image cannot be null
    at InstanceValidator._validate (/home/udorakpuenyi/tempinvest/server/node_modules/sequelize/src/instance-validator.js:78:13)
    at processTicksAndRejections (node:internal/process/task_queues:105:5)
    at async InstanceValidator._validateAndRunHooks (/home/udorakpuenyi/tempinvest/server/node_modules/sequelize/src/instance-validator.js:111:7)
    at async InstanceValidator.validate (/home/udorakpuenyi/tempinvest/server/node_modules/sequelize/src/instance-validator.js:93:12)
    at async Manager.save (/home/udorakpuenyi/tempinvest/server/node_modules/sequelize/src/model.js:4077:7)
    at async Function.create (/home/udorakpuenyi/tempinvest/server/node_modules/sequelize/src/model.js:2305:12)
    at async Function.createManager (/home/udorakpuenyi/tempinvest/server/src/services/ManagerService.ts:20:23)
    at async createManager (/home/udorakpuenyi/tempinvest/server/src/controllers/ManagerController.ts:18:26)
2025-05-19T16:16:58.064Z [ERROR]: Failed to create Manager: SequelizeValidationError: notNull Violation: Manager.image cannot be null
2025-05-19T16:16:58.084Z [ERROR]: Error: notNull Violation: Manager.image cannot be null - URL: /api/managers - Stack: SequelizeValidationError: notNull Violation: Manager.image cannot be null
    at InstanceValidator._validate (/home/udorakpuenyi/tempinvest/server/node_modules/sequelize/src/instance-validator.js:78:13)
    at processTicksAndRejections (node:internal/process/task_queues:105:5)
    at async InstanceValidator._validateAndRunHooks (/home/udorakpuenyi/tempinvest/server/node_modules/sequelize/src/instance-validator.js:111:7)
    at async InstanceValidator.validate (/home/udorakpuenyi/tempinvest/server/node_modules/sequelize/src/instance-validator.js:93:12)
    at async Manager.save (/home/udorakpuenyi/tempinvest/server/node_modules/sequelize/src/model.js:4077:7)
    at async Function.create (/home/udorakpuenyi/tempinvest/server/node_modules/sequelize/src/model.js:2305:12)
    at async Function.createManager (/home/udorakpuenyi/tempinvest/server/src/services/ManagerService.ts:20:23)
    at async createManager (/home/udorakpuenyi/tempinvest/server/src/controllers/ManagerController.ts:18:26)
2025-05-19T16:19:08.360Z [ERROR]: Failed to create Manager: SequelizeValidationError: notNull Violation: Manager.image cannot be null
2025-05-19T16:19:08.381Z [ERROR]: Error: notNull Violation: Manager.image cannot be null - URL: /api/managers - Stack: SequelizeValidationError: notNull Violation: Manager.image cannot be null
    at InstanceValidator._validate (/home/udorakpuenyi/tempinvest/server/node_modules/sequelize/src/instance-validator.js:78:13)
    at processTicksAndRejections (node:internal/process/task_queues:105:5)
    at async InstanceValidator._validateAndRunHooks (/home/udorakpuenyi/tempinvest/server/node_modules/sequelize/src/instance-validator.js:111:7)
    at async InstanceValidator.validate (/home/udorakpuenyi/tempinvest/server/node_modules/sequelize/src/instance-validator.js:93:12)
    at async Manager.save (/home/udorakpuenyi/tempinvest/server/node_modules/sequelize/src/model.js:4077:7)
    at async Function.create (/home/udorakpuenyi/tempinvest/server/node_modules/sequelize/src/model.js:2305:12)
    at async Function.createManager (/home/udorakpuenyi/tempinvest/server/src/services/ManagerService.ts:20:23)
    at async createManager (/home/udorakpuenyi/tempinvest/server/src/controllers/ManagerController.ts:18:26)
2025-05-19T16:19:09.384Z [ERROR]: Failed to create Manager: SequelizeValidationError: notNull Violation: Manager.image cannot be null
2025-05-19T16:19:09.389Z [ERROR]: Error: notNull Violation: Manager.image cannot be null - URL: /api/managers - Stack: SequelizeValidationError: notNull Violation: Manager.image cannot be null
    at InstanceValidator._validate (/home/udorakpuenyi/tempinvest/server/node_modules/sequelize/src/instance-validator.js:78:13)
    at processTicksAndRejections (node:internal/process/task_queues:105:5)
    at async InstanceValidator._validateAndRunHooks (/home/udorakpuenyi/tempinvest/server/node_modules/sequelize/src/instance-validator.js:111:7)
    at async InstanceValidator.validate (/home/udorakpuenyi/tempinvest/server/node_modules/sequelize/src/instance-validator.js:93:12)
    at async Manager.save (/home/udorakpuenyi/tempinvest/server/node_modules/sequelize/src/model.js:4077:7)
    at async Function.create (/home/udorakpuenyi/tempinvest/server/node_modules/sequelize/src/model.js:2305:12)
    at async Function.createManager (/home/udorakpuenyi/tempinvest/server/src/services/ManagerService.ts:20:23)
    at async createManager (/home/udorakpuenyi/tempinvest/server/src/controllers/ManagerController.ts:18:26)
2025-05-19T17:47:15.444Z [ERROR]: Failed to create Manager: SequelizeValidationError: notNull Violation: Manager.image cannot be null
2025-05-19T17:47:21.899Z [ERROR]: Error: notNull Violation: Manager.image cannot be null - URL: /api/managers - Stack: SequelizeValidationError: notNull Violation: Manager.image cannot be null
    at InstanceValidator._validate (/home/udorakpuenyi/tempinvest/server/node_modules/sequelize/src/instance-validator.js:78:13)
    at processTicksAndRejections (node:internal/process/task_queues:105:5)
    at async InstanceValidator._validateAndRunHooks (/home/udorakpuenyi/tempinvest/server/node_modules/sequelize/src/instance-validator.js:111:7)
    at async InstanceValidator.validate (/home/udorakpuenyi/tempinvest/server/node_modules/sequelize/src/instance-validator.js:93:12)
    at async Manager.save (/home/udorakpuenyi/tempinvest/server/node_modules/sequelize/src/model.js:4077:7)
    at async Function.create (/home/udorakpuenyi/tempinvest/server/node_modules/sequelize/src/model.js:2305:12)
    at async Function.createManager (/home/udorakpuenyi/tempinvest/server/src/services/ManagerService.ts:20:23)
    at async createManager (/home/udorakpuenyi/tempinvest/server/src/controllers/ManagerController.ts:18:26)
2025-05-19T17:53:57.583Z [ERROR]: Failed to create Manager: SequelizeValidationError: notNull Violation: Manager.image cannot be null
2025-05-19T17:53:57.634Z [ERROR]: Error: notNull Violation: Manager.image cannot be null - URL: /api//managers - Stack: SequelizeValidationError: notNull Violation: Manager.image cannot be null
    at InstanceValidator._validate (/home/udorakpuenyi/tempinvest/server/node_modules/sequelize/src/instance-validator.js:78:13)
    at processTicksAndRejections (node:internal/process/task_queues:105:5)
    at async InstanceValidator._validateAndRunHooks (/home/udorakpuenyi/tempinvest/server/node_modules/sequelize/src/instance-validator.js:111:7)
    at async InstanceValidator.validate (/home/udorakpuenyi/tempinvest/server/node_modules/sequelize/src/instance-validator.js:93:12)
    at async Manager.save (/home/udorakpuenyi/tempinvest/server/node_modules/sequelize/src/model.js:4077:7)
    at async Function.create (/home/udorakpuenyi/tempinvest/server/node_modules/sequelize/src/model.js:2305:12)
    at async Function.createManager (/home/udorakpuenyi/tempinvest/server/src/services/ManagerService.ts:20:23)
    at async createManager (/home/udorakpuenyi/tempinvest/server/src/controllers/ManagerController.ts:18:26)
2025-05-19T17:55:02.965Z [ERROR]: Failed to create Manager: SequelizeValidationError: notNull Violation: Manager.image cannot be null
2025-05-19T17:55:03.005Z [ERROR]: Error: notNull Violation: Manager.image cannot be null - URL: /api//managers - Stack: SequelizeValidationError: notNull Violation: Manager.image cannot be null
    at InstanceValidator._validate (/home/udorakpuenyi/tempinvest/server/node_modules/sequelize/src/instance-validator.js:78:13)
    at processTicksAndRejections (node:internal/process/task_queues:105:5)
    at async InstanceValidator._validateAndRunHooks (/home/udorakpuenyi/tempinvest/server/node_modules/sequelize/src/instance-validator.js:111:7)
    at async InstanceValidator.validate (/home/udorakpuenyi/tempinvest/server/node_modules/sequelize/src/instance-validator.js:93:12)
    at async Manager.save (/home/udorakpuenyi/tempinvest/server/node_modules/sequelize/src/model.js:4077:7)
    at async Function.create (/home/udorakpuenyi/tempinvest/server/node_modules/sequelize/src/model.js:2305:12)
    at async Function.createManager (/home/udorakpuenyi/tempinvest/server/src/services/ManagerService.ts:20:23)
    at async createManager (/home/udorakpuenyi/tempinvest/server/src/controllers/ManagerController.ts:18:26)
2025-05-19T18:50:09.918Z [ERROR]: Error: connect ETIMEDOUT - URL: /api/managers - Stack: SequelizeConnectionError: connect ETIMEDOUT
    at ConnectionManager.connect (/home/udorakpuenyi/tempinvest/server/node_modules/sequelize/src/dialects/mysql/connection-manager.js:126:17)
    at processTicksAndRejections (node:internal/process/task_queues:105:5)
    at async ConnectionManager._connect (/home/udorakpuenyi/tempinvest/server/node_modules/sequelize/src/dialects/abstract/connection-manager.js:332:24)
2025-05-20T18:04:15.273Z [ERROR]: Failed to create ManagedPortfolio: SequelizeForeignKeyConstraintError: Cannot add or update a child row: a foreign key constraint fails (`investment`.`managed_portfolios`, CONSTRAINT `managed_portfolios_ibfk_1` FOREIGN KEY (`investorId`) REFERENCES `investors` (`id`) ON UPDATE CASCADE)
2025-05-20T18:04:15.275Z [ERROR]: Error: Cannot add or update a child row: a foreign key constraint fails (`investment`.`managed_portfolios`, CONSTRAINT `managed_portfolios_ibfk_1` FOREIGN KEY (`investorId`) REFERENCES `investors` (`id`) ON UPDATE CASCADE) - URL: /api/investment/new/1 - Stack: Error
    at Query.run (/home/udorakpuenyi/tempi/server/node_modules/sequelize/src/dialects/mysql/query.js:46:25)
    at /home/udorakpuenyi/tempi/server/node_modules/sequelize/src/sequelize.js:650:28
    at processTicksAndRejections (node:internal/process/task_queues:105:5)
    at async MySQLQueryInterface.insert (/home/udorakpuenyi/tempi/server/node_modules/sequelize/src/dialects/abstract/query-interface.js:795:21)
    at async ManagedPortfolio.save (/home/udorakpuenyi/tempi/server/node_modules/sequelize/src/model.js:4154:35)
    at async Function.create (/home/udorakpuenyi/tempi/server/node_modules/sequelize/src/model.js:2305:12)
    at async Function.createPortfolio (/home/udorakpuenyi/tempi/server/src/services/ManagerPortfolioService.ts:26:25)
    at async createInvestment (/home/udorakpuenyi/tempi/server/src/controllers/InvestorController.ts:13:27)
